<?xml version="1.0" encoding="UTF-8" standalone="yes"?>
<!DOCTYPE report PUBLIC "-//JACOCO//DTD Report 1.1//EN" "report.dtd"[]>
<report name="rife-scb-de-api-domain">
  <sessioninfo id="maven-jnlp-agent-hl1ll-a489bb2e" start="1628172528965" dump="1628172535738" />
  <sessioninfo id="maven-jnlp-agent-hl1ll-689ef368" start="1628172552449" dump="1628172590939" />
  <sessioninfo id="maven-jnlp-agent-hl1ll-dd9e239b" start="1628172591788" dump="1628172610129" />
  <sessioninfo id="maven-jnlp-agent-hl1ll-4ac78cf8" start="1628172620780" dump="1628172648025" />
  <sessioninfo id="maven-jnlp-agent-hl1ll-20d5cf07" start="1628172648756" dump="1628172662844" />
  <group name="rife-scb-de-portal-domain">
    <package name="eu/sollers/rifescbde/sales/insuranceapplication/domain/impl">
      <class name="eu/sollers/rifescbde/sales/insuranceapplication/domain/impl/CustomInsuranceApplicationDomainServiceImpl" sourcefilename="CustomInsuranceApplicationDomainServiceImpl.java">
        <method name="&lt;init&gt;" desc="(Leu/sollers/rife/sales/insuranceapplication/domain/model/InsuranceApplicationRepository;Ljava/util/List;Ljava/util/List;)V" line="33">
          <counter type="INSTRUCTION" missed="0" covered="18" />
          <counter type="LINE" missed="0" covered="6" />
          <counter type="COMPLEXITY" missed="0" covered="1" />
          <counter type="METHOD" missed="0" covered="1" />
        </method>
        <method name="abandon" desc="(Ljava/lang/Long;)V" line="42">
          <counter type="INSTRUCTION" missed="5" covered="26" />
          <counter type="BRANCH" missed="1" covered="1" />
          <counter type="LINE" missed="1" covered="7" />
          <counter type="COMPLEXITY" missed="1" covered="1" />
          <counter type="METHOD" missed="0" covered="1" />
        </method>
        <method name="reject" desc="(Ljava/lang/Long;)V" line="55">
          <counter type="INSTRUCTION" missed="5" covered="26" />
          <counter type="BRANCH" missed="1" covered="1" />
          <counter type="LINE" missed="1" covered="7" />
          <counter type="COMPLEXITY" missed="1" covered="1" />
          <counter type="METHOD" missed="0" covered="1" />
        </method>
        <method name="activate" desc="(Ljava/lang/Long;)Ljava/util/List;" line="68">
          <counter type="INSTRUCTION" missed="5" covered="27" />
          <counter type="BRANCH" missed="1" covered="1" />
          <counter type="LINE" missed="1" covered="7" />
          <counter type="COMPLEXITY" missed="1" covered="1" />
          <counter type="METHOD" missed="0" covered="1" />
        </method>
        <counter type="INSTRUCTION" missed="15" covered="97" />
        <counter type="BRANCH" missed="3" covered="3" />
        <counter type="LINE" missed="3" covered="27" />
        <counter type="COMPLEXITY" missed="3" covered="4" />
        <counter type="METHOD" missed="0" covered="4" />
        <counter type="CLASS" missed="0" covered="1" />
      </class>
      <class name="eu/sollers/rifescbde/sales/insuranceapplication/domain/impl/CustomInsuranceApplicationLifeCycleImpl" sourcefilename="CustomInsuranceApplicationLifeCycleImpl.java">
        <method name="&lt;init&gt;" desc="(Leu/sollers/rifescbde/caseconnection/application/CustomCaseConnectionService;Leu/sollers/rife/sales/policy/application/ContractService;Leu/sollers/rife/sales/insuranceapplication/query/InsuranceApplicationQueryService;Leu/sollers/rife/sales/status/domain/StatusFlowDomainService;)V" line="30">
          <counter type="INSTRUCTION" missed="0" covered="15" />
          <counter type="LINE" missed="0" covered="6" />
          <counter type="COMPLEXITY" missed="0" covered="1" />
          <counter type="METHOD" missed="0" covered="1" />
        </method>
        <method name="onQuote" desc="(Leu/sollers/rife/sales/insuranceapplication/domain/model/InsuranceApplication;)V" line="39">
          <counter type="INSTRUCTION" missed="0" covered="10" />
          <counter type="BRANCH" missed="0" covered="2" />
          <counter type="LINE" missed="0" covered="3" />
          <counter type="COMPLEXITY" missed="0" covered="2" />
          <counter type="METHOD" missed="0" covered="1" />
        </method>
        <method name="approve" desc="(Leu/sollers/rife/sales/insuranceapplication/domain/model/InsuranceApplication;)V" line="46">
          <counter type="INSTRUCTION" missed="0" covered="6" />
          <counter type="LINE" missed="0" covered="2" />
          <counter type="COMPLEXITY" missed="0" covered="1" />
          <counter type="METHOD" missed="0" covered="1" />
        </method>
        <method name="abandon" desc="(Leu/sollers/rife/sales/insuranceapplication/domain/model/InsuranceApplication;)V" line="51">
          <counter type="INSTRUCTION" missed="0" covered="11" />
          <counter type="LINE" missed="0" covered="3" />
          <counter type="COMPLEXITY" missed="0" covered="1" />
          <counter type="METHOD" missed="0" covered="1" />
        </method>
        <method name="reject" desc="(Leu/sollers/rife/sales/insuranceapplication/domain/model/InsuranceApplication;)V" line="57">
          <counter type="INSTRUCTION" missed="0" covered="11" />
          <counter type="LINE" missed="0" covered="3" />
          <counter type="COMPLEXITY" missed="0" covered="1" />
          <counter type="METHOD" missed="0" covered="1" />
        </method>
        <method name="onVariantSelection" desc="(Leu/sollers/rife/sales/insuranceapplication/domain/model/InsuranceApplication;)V" line="63">
          <counter type="INSTRUCTION" missed="0" covered="10" />
          <counter type="BRANCH" missed="0" covered="2" />
          <counter type="LINE" missed="0" covered="3" />
          <counter type="COMPLEXITY" missed="0" covered="2" />
          <counter type="METHOD" missed="0" covered="1" />
        </method>
        <method name="finalizeApplication" desc="(Leu/sollers/rife/sales/insuranceapplication/domain/model/InsuranceApplication;)V" line="70">
          <counter type="INSTRUCTION" missed="0" covered="5" />
          <counter type="LINE" missed="0" covered="1" />
          <counter type="COMPLEXITY" missed="0" covered="1" />
          <counter type="METHOD" missed="0" covered="1" />
        </method>
        <method name="sendToApproval" desc="(Leu/sollers/rife/sales/insuranceapplication/domain/model/InsuranceApplication;)V" line="75">
          <counter type="INSTRUCTION" missed="0" covered="5" />
          <counter type="LINE" missed="0" covered="1" />
          <counter type="COMPLEXITY" missed="0" covered="1" />
          <counter type="METHOD" missed="0" covered="1" />
        </method>
        <method name="forgetApplication" desc="(Leu/sollers/rife/sales/insuranceapplication/domain/model/InsuranceApplication;)V" line="80">
          <counter type="INSTRUCTION" missed="0" covered="5" />
          <counter type="LINE" missed="0" covered="1" />
          <counter type="COMPLEXITY" missed="0" covered="1" />
          <counter type="METHOD" missed="0" covered="1" />
        </method>
        <method name="activate" desc="(Leu/sollers/rife/sales/insuranceapplication/domain/model/InsuranceApplication;)Ljava/util/List;" line="85">
          <counter type="INSTRUCTION" missed="0" covered="17" />
          <counter type="LINE" missed="0" covered="5" />
          <counter type="COMPLEXITY" missed="0" covered="1" />
          <counter type="METHOD" missed="0" covered="1" />
        </method>
        <method name="getStatusFlowCode" desc="()Leu/sollers/rife/sharedkernel/common/domain/model/vo/Code;" line="94">
          <counter type="INSTRUCTION" missed="2" covered="0" />
          <counter type="LINE" missed="1" covered="0" />
          <counter type="COMPLEXITY" missed="1" covered="0" />
          <counter type="METHOD" missed="1" covered="0" />
        </method>
        <counter type="INSTRUCTION" missed="2" covered="95" />
        <counter type="BRANCH" missed="0" covered="4" />
        <counter type="LINE" missed="1" covered="28" />
        <counter type="COMPLEXITY" missed="1" covered="12" />
        <counter type="METHOD" missed="1" covered="10" />
        <counter type="CLASS" missed="0" covered="1" />
      </class>
      <sourcefile name="CustomInsuranceApplicationDomainServiceImpl.java">
        <line nr="33" mi="0" ci="5" mb="0" cb="0" />
        <line nr="34" mi="0" ci="3" mb="0" cb="0" />
        <line nr="35" mi="0" ci="4" mb="0" cb="0" />
        <line nr="36" mi="0" ci="4" mb="0" cb="0" />
        <line nr="37" mi="0" ci="1" mb="0" cb="0" />
        <line nr="38" mi="0" ci="1" mb="0" cb="0" />
        <line nr="42" mi="0" ci="6" mb="0" cb="0" />
        <line nr="43" mi="0" ci="6" mb="0" cb="0" />
        <line nr="44" mi="0" ci="1" mb="0" cb="0" />
        <line nr="45" mi="0" ci="3" mb="1" cb="1" />
        <line nr="46" mi="0" ci="4" mb="0" cb="0" />
        <line nr="47" mi="0" ci="5" mb="0" cb="0" />
        <line nr="49" mi="5" ci="0" mb="0" cb="0" />
        <line nr="51" mi="0" ci="1" mb="0" cb="0" />
        <line nr="55" mi="0" ci="6" mb="0" cb="0" />
        <line nr="56" mi="0" ci="6" mb="0" cb="0" />
        <line nr="57" mi="0" ci="1" mb="0" cb="0" />
        <line nr="58" mi="0" ci="3" mb="1" cb="1" />
        <line nr="59" mi="0" ci="4" mb="0" cb="0" />
        <line nr="60" mi="0" ci="5" mb="0" cb="0" />
        <line nr="62" mi="5" ci="0" mb="0" cb="0" />
        <line nr="64" mi="0" ci="1" mb="0" cb="0" />
        <line nr="68" mi="0" ci="6" mb="0" cb="0" />
        <line nr="69" mi="0" ci="3" mb="0" cb="0" />
        <line nr="70" mi="0" ci="4" mb="0" cb="0" />
        <line nr="71" mi="0" ci="3" mb="1" cb="1" />
        <line nr="72" mi="0" ci="5" mb="0" cb="0" />
        <line nr="73" mi="0" ci="4" mb="0" cb="0" />
        <line nr="74" mi="0" ci="2" mb="0" cb="0" />
        <line nr="76" mi="5" ci="0" mb="0" cb="0" />
        <counter type="INSTRUCTION" missed="15" covered="97" />
        <counter type="BRANCH" missed="3" covered="3" />
        <counter type="LINE" missed="3" covered="27" />
        <counter type="COMPLEXITY" missed="3" covered="4" />
        <counter type="METHOD" missed="0" covered="4" />
        <counter type="CLASS" missed="0" covered="1" />
      </sourcefile>
      <sourcefile name="CustomInsuranceApplicationLifeCycleImpl.java">
        <line nr="30" mi="0" ci="2" mb="0" cb="0" />
        <line nr="31" mi="0" ci="3" mb="0" cb="0" />
        <line nr="32" mi="0" ci="3" mb="0" cb="0" />
        <line nr="33" mi="0" ci="3" mb="0" cb="0" />
        <line nr="34" mi="0" ci="3" mb="0" cb="0" />
        <line nr="35" mi="0" ci="1" mb="0" cb="0" />
        <line nr="39" mi="0" ci="4" mb="0" cb="2" />
        <line nr="40" mi="0" ci="5" mb="0" cb="0" />
        <line nr="42" mi="0" ci="1" mb="0" cb="0" />
        <line nr="46" mi="0" ci="5" mb="0" cb="0" />
        <line nr="47" mi="0" ci="1" mb="0" cb="0" />
        <line nr="51" mi="0" ci="5" mb="0" cb="0" />
        <line nr="52" mi="0" ci="5" mb="0" cb="0" />
        <line nr="53" mi="0" ci="1" mb="0" cb="0" />
        <line nr="57" mi="0" ci="5" mb="0" cb="0" />
        <line nr="58" mi="0" ci="5" mb="0" cb="0" />
        <line nr="59" mi="0" ci="1" mb="0" cb="0" />
        <line nr="63" mi="0" ci="4" mb="0" cb="2" />
        <line nr="64" mi="0" ci="5" mb="0" cb="0" />
        <line nr="66" mi="0" ci="1" mb="0" cb="0" />
        <line nr="70" mi="0" ci="5" mb="0" cb="0" />
        <line nr="75" mi="0" ci="5" mb="0" cb="0" />
        <line nr="80" mi="0" ci="5" mb="0" cb="0" />
        <line nr="85" mi="0" ci="5" mb="0" cb="0" />
        <line nr="86" mi="0" ci="5" mb="0" cb="0" />
        <line nr="87" mi="0" ci="1" mb="0" cb="0" />
        <line nr="88" mi="0" ci="4" mb="0" cb="0" />
        <line nr="89" mi="0" ci="2" mb="0" cb="0" />
        <line nr="94" mi="2" ci="0" mb="0" cb="0" />
        <counter type="INSTRUCTION" missed="2" covered="95" />
        <counter type="BRANCH" missed="0" covered="4" />
        <counter type="LINE" missed="1" covered="28" />
        <counter type="COMPLEXITY" missed="1" covered="12" />
        <counter type="METHOD" missed="1" covered="10" />
        <counter type="CLASS" missed="0" covered="1" />
      </sourcefile>
      <counter type="INSTRUCTION" missed="17" covered="192" />
      <counter type="BRANCH" missed="3" covered="7" />
      <counter type="LINE" missed="4" covered="55" />
      <counter type="COMPLEXITY" missed="4" covered="16" />
      <counter type="METHOD" missed="1" covered="14" />
      <counter type="CLASS" missed="0" covered="2" />
    </package>
    <package name="eu/sollers/rifescbde/caseconnection/infrastructure/repository/impl">
      <class name="eu/sollers/rifescbde/caseconnection/infrastructure/repository/impl/CustomCaseConnectionRepositoryImpl" sourcefilename="CustomCaseConnectionRepositoryImpl.java">
        <method name="&lt;init&gt;" desc="()V" line="15">
          <counter type="INSTRUCTION" missed="0" covered="4" />
          <counter type="LINE" missed="0" covered="2" />
          <counter type="COMPLEXITY" missed="0" covered="1" />
          <counter type="METHOD" missed="0" covered="1" />
        </method>
        <method name="&lt;clinit&gt;" desc="()V" line="12">
          <counter type="INSTRUCTION" missed="0" covered="3" />
          <counter type="LINE" missed="0" covered="1" />
          <counter type="COMPLEXITY" missed="0" covered="1" />
          <counter type="METHOD" missed="0" covered="1" />
        </method>
        <counter type="INSTRUCTION" missed="0" covered="7" />
        <counter type="LINE" missed="0" covered="3" />
        <counter type="COMPLEXITY" missed="0" covered="2" />
        <counter type="METHOD" missed="0" covered="2" />
        <counter type="CLASS" missed="0" covered="1" />
      </class>
      <sourcefile name="CustomCaseConnectionRepositoryImpl.java">
        <line nr="12" mi="0" ci="3" mb="0" cb="0" />
        <line nr="15" mi="0" ci="3" mb="0" cb="0" />
        <line nr="16" mi="0" ci="1" mb="0" cb="0" />
        <counter type="INSTRUCTION" missed="0" covered="7" />
        <counter type="LINE" missed="0" covered="3" />
        <counter type="COMPLEXITY" missed="0" covered="2" />
        <counter type="METHOD" missed="0" covered="2" />
        <counter type="CLASS" missed="0" covered="1" />
      </sourcefile>
      <counter type="INSTRUCTION" missed="0" covered="7" />
      <counter type="LINE" missed="0" covered="3" />
      <counter type="COMPLEXITY" missed="0" covered="2" />
      <counter type="METHOD" missed="0" covered="2" />
      <counter type="CLASS" missed="0" covered="1" />
    </package>
    <package name="eu/sollers/rifescbde/sales/process/domain/model/utils">
      <class name="eu/sollers/rifescbde/sales/process/domain/model/utils/CustomPolicyHolderExtractorImpl" sourcefilename="CustomPolicyHolderExtractorImpl.java">
        <method name="&lt;init&gt;" desc="()V" line="19">
          <counter type="INSTRUCTION" missed="0" covered="3" />
          <counter type="LINE" missed="0" covered="1" />
          <counter type="COMPLEXITY" missed="0" covered="1" />
          <counter type="METHOD" missed="0" covered="1" />
        </method>
        <method name="extractName" desc="(Lcom/fasterxml/jackson/databind/node/ObjectNode;)Ljava/lang/String;" line="23">
          <counter type="INSTRUCTION" missed="0" covered="5" />
          <counter type="LINE" missed="0" covered="1" />
          <counter type="COMPLEXITY" missed="0" covered="1" />
          <counter type="METHOD" missed="0" covered="1" />
        </method>
        <method name="extractSurname" desc="(Lcom/fasterxml/jackson/databind/node/ObjectNode;)Ljava/lang/String;" line="28">
          <counter type="INSTRUCTION" missed="0" covered="5" />
          <counter type="LINE" missed="0" covered="1" />
          <counter type="COMPLEXITY" missed="0" covered="1" />
          <counter type="METHOD" missed="0" covered="1" />
        </method>
        <method name="extractExternalId" desc="(Lcom/fasterxml/jackson/databind/node/ObjectNode;)Ljava/lang/String;" line="33">
          <counter type="INSTRUCTION" missed="0" covered="5" />
          <counter type="LINE" missed="0" covered="1" />
          <counter type="COMPLEXITY" missed="0" covered="1" />
          <counter type="METHOD" missed="0" covered="1" />
        </method>
        <method name="extractValueFromFirstInsuranceApplicant" desc="(Ljava/lang/String;Lcom/fasterxml/jackson/databind/node/ObjectNode;)Ljava/lang/String;" line="37">
          <counter type="INSTRUCTION" missed="0" covered="14" />
          <counter type="BRANCH" missed="0" covered="2" />
          <counter type="LINE" missed="0" covered="3" />
          <counter type="COMPLEXITY" missed="0" covered="2" />
          <counter type="METHOD" missed="0" covered="1" />
        </method>
        <method name="getFirstInsuranceApplicant" desc="(Lcom/fasterxml/jackson/databind/node/ArrayNode;)Lcom/fasterxml/jackson/databind/node/ObjectNode;" line="44">
          <counter type="INSTRUCTION" missed="0" covered="5" />
          <counter type="LINE" missed="0" covered="1" />
          <counter type="COMPLEXITY" missed="0" covered="1" />
          <counter type="METHOD" missed="0" covered="1" />
        </method>
        <counter type="INSTRUCTION" missed="0" covered="37" />
        <counter type="BRANCH" missed="0" covered="2" />
        <counter type="LINE" missed="0" covered="8" />
        <counter type="COMPLEXITY" missed="0" covered="7" />
        <counter type="METHOD" missed="0" covered="6" />
        <counter type="CLASS" missed="0" covered="1" />
      </class>
      <class name="eu/sollers/rifescbde/sales/process/domain/model/utils/ExtractorsPathsConstants" sourcefilename="ExtractorsPathsConstants.java">
        <method name="&lt;init&gt;" desc="()V" line="18">
          <counter type="INSTRUCTION" missed="7" covered="0" />
          <counter type="LINE" missed="2" covered="0" />
          <counter type="COMPLEXITY" missed="1" covered="0" />
          <counter type="METHOD" missed="1" covered="0" />
        </method>
        <counter type="INSTRUCTION" missed="7" covered="0" />
        <counter type="LINE" missed="2" covered="0" />
        <counter type="COMPLEXITY" missed="1" covered="0" />
        <counter type="METHOD" missed="1" covered="0" />
        <counter type="CLASS" missed="1" covered="0" />
      </class>
      <class name="eu/sollers/rifescbde/sales/process/domain/model/utils/CustomInsuredPartiesExtractorImpl" sourcefilename="CustomInsuredPartiesExtractorImpl.java">
        <method name="&lt;init&gt;" desc="()V" line="21">
          <counter type="INSTRUCTION" missed="0" covered="3" />
          <counter type="LINE" missed="0" covered="1" />
          <counter type="COMPLEXITY" missed="0" covered="1" />
          <counter type="METHOD" missed="0" covered="1" />
        </method>
        <method name="extractInsuranceApplicantsCuCoIds" desc="(Lcom/fasterxml/jackson/databind/node/ObjectNode;)Ljava/util/List;" line="25">
          <counter type="INSTRUCTION" missed="2" covered="25" />
          <counter type="BRANCH" missed="2" covered="2" />
          <counter type="LINE" missed="1" covered="7" />
          <counter type="COMPLEXITY" missed="2" covered="1" />
          <counter type="METHOD" missed="0" covered="1" />
        </method>
        <method name="extractInsuredPersonsCuCoIds" desc="(Lcom/fasterxml/jackson/databind/node/ObjectNode;)Ljava/util/List;" line="40">
          <counter type="INSTRUCTION" missed="0" covered="42" />
          <counter type="BRANCH" missed="4" covered="4" />
          <counter type="LINE" missed="0" covered="10" />
          <counter type="COMPLEXITY" missed="4" covered="1" />
          <counter type="METHOD" missed="0" covered="1" />
        </method>
        <method name="lambda$extractInsuredPersonsCuCoIds$2" desc="(Ljava/lang/String;)Z" line="51">
          <counter type="INSTRUCTION" missed="0" covered="9" />
          <counter type="BRANCH" missed="1" covered="3" />
          <counter type="LINE" missed="0" covered="1" />
          <counter type="COMPLEXITY" missed="1" covered="2" />
          <counter type="METHOD" missed="0" covered="1" />
        </method>
        <method name="lambda$extractInsuranceApplicantsCuCoIds$1" desc="(Ljava/lang/String;)Z" line="34">
          <counter type="INSTRUCTION" missed="0" covered="9" />
          <counter type="BRANCH" missed="1" covered="3" />
          <counter type="LINE" missed="0" covered="1" />
          <counter type="COMPLEXITY" missed="1" covered="2" />
          <counter type="METHOD" missed="0" covered="1" />
        </method>
        <method name="lambda$extractInsuranceApplicantsCuCoIds$0" desc="(Ljava/util/List;Lcom/fasterxml/jackson/databind/JsonNode;)V" line="31">
          <counter type="INSTRUCTION" missed="0" covered="8" />
          <counter type="LINE" missed="0" covered="1" />
          <counter type="COMPLEXITY" missed="0" covered="1" />
          <counter type="METHOD" missed="0" covered="1" />
        </method>
        <counter type="INSTRUCTION" missed="2" covered="96" />
        <counter type="BRANCH" missed="8" covered="12" />
        <counter type="LINE" missed="1" covered="19" />
        <counter type="COMPLEXITY" missed="8" covered="8" />
        <counter type="METHOD" missed="0" covered="6" />
        <counter type="CLASS" missed="0" covered="1" />
      </class>
      <class name="eu/sollers/rifescbde/sales/process/domain/model/utils/CustomInsuredPartiesExtractor" sourcefilename="CustomInsuredPartiesExtractor.java" />
      <sourcefile name="CustomInsuredPartiesExtractor.java" />
      <sourcefile name="ExtractorsPathsConstants.java">
        <line nr="18" mi="2" ci="0" mb="0" cb="0" />
        <line nr="19" mi="5" ci="0" mb="0" cb="0" />
        <counter type="INSTRUCTION" missed="7" covered="0" />
        <counter type="LINE" missed="2" covered="0" />
        <counter type="COMPLEXITY" missed="1" covered="0" />
        <counter type="METHOD" missed="1" covered="0" />
        <counter type="CLASS" missed="1" covered="0" />
      </sourcefile>
      <sourcefile name="CustomPolicyHolderExtractorImpl.java">
        <line nr="19" mi="0" ci="3" mb="0" cb="0" />
        <line nr="23" mi="0" ci="5" mb="0" cb="0" />
        <line nr="28" mi="0" ci="5" mb="0" cb="0" />
        <line nr="33" mi="0" ci="5" mb="0" cb="0" />
        <line nr="37" mi="0" ci="4" mb="0" cb="0" />
        <line nr="38" mi="0" ci="7" mb="0" cb="2" />
        <line nr="40" mi="0" ci="3" mb="0" cb="0" />
        <line nr="44" mi="0" ci="5" mb="0" cb="0" />
        <counter type="INSTRUCTION" missed="0" covered="37" />
        <counter type="BRANCH" missed="0" covered="2" />
        <counter type="LINE" missed="0" covered="8" />
        <counter type="COMPLEXITY" missed="0" covered="7" />
        <counter type="METHOD" missed="0" covered="6" />
        <counter type="CLASS" missed="0" covered="1" />
      </sourcefile>
      <sourcefile name="CustomInsuredPartiesExtractorImpl.java">
        <line nr="21" mi="0" ci="3" mb="0" cb="0" />
        <line nr="25" mi="0" ci="4" mb="0" cb="0" />
        <line nr="26" mi="0" ci="5" mb="2" cb="2" />
        <line nr="27" mi="2" ci="0" mb="0" cb="0" />
        <line nr="29" mi="0" ci="4" mb="0" cb="0" />
        <line nr="30" mi="0" ci="4" mb="0" cb="0" />
        <line nr="31" mi="0" ci="8" mb="0" cb="0" />
        <line nr="33" mi="0" ci="4" mb="0" cb="0" />
        <line nr="34" mi="0" ci="10" mb="1" cb="3" />
        <line nr="35" mi="0" ci="3" mb="0" cb="0" />
        <line nr="40" mi="0" ci="4" mb="0" cb="0" />
        <line nr="41" mi="0" ci="4" mb="0" cb="0" />
        <line nr="42" mi="0" ci="5" mb="2" cb="2" />
        <line nr="43" mi="0" ci="6" mb="0" cb="0" />
        <line nr="45" mi="0" ci="4" mb="0" cb="0" />
        <line nr="46" mi="0" ci="5" mb="2" cb="2" />
        <line nr="47" mi="0" ci="6" mb="0" cb="0" />
        <line nr="50" mi="0" ci="4" mb="0" cb="0" />
        <line nr="51" mi="0" ci="10" mb="1" cb="3" />
        <line nr="52" mi="0" ci="3" mb="0" cb="0" />
        <counter type="INSTRUCTION" missed="2" covered="96" />
        <counter type="BRANCH" missed="8" covered="12" />
        <counter type="LINE" missed="1" covered="19" />
        <counter type="COMPLEXITY" missed="8" covered="8" />
        <counter type="METHOD" missed="0" covered="6" />
        <counter type="CLASS" missed="0" covered="1" />
      </sourcefile>
      <counter type="INSTRUCTION" missed="9" covered="133" />
      <counter type="BRANCH" missed="8" covered="14" />
      <counter type="LINE" missed="3" covered="27" />
      <counter type="COMPLEXITY" missed="9" covered="15" />
      <counter type="METHOD" missed="1" covered="12" />
      <counter type="CLASS" missed="1" covered="2" />
    </package>
    <package name="eu/sollers/rifescbde/portal/resignation/domain/status">
      <class name="eu/sollers/rifescbde/portal/resignation/domain/status/CustomResignationStatusFlow" sourcefilename="CustomResignationStatusFlow.java">
        <method name="&lt;init&gt;" desc="()V" line="29">
          <counter type="INSTRUCTION" missed="0" covered="12" />
          <counter type="LINE" missed="0" covered="2" />
          <counter type="COMPLEXITY" missed="0" covered="1" />
          <counter type="METHOD" missed="0" covered="1" />
        </method>
        <method name="&lt;clinit&gt;" desc="()V" line="19">
          <counter type="INSTRUCTION" missed="0" covered="19" />
          <counter type="LINE" missed="0" covered="5" />
          <counter type="COMPLEXITY" missed="0" covered="1" />
          <counter type="METHOD" missed="0" covered="1" />
        </method>
        <counter type="INSTRUCTION" missed="0" covered="31" />
        <counter type="LINE" missed="0" covered="7" />
        <counter type="COMPLEXITY" missed="0" covered="2" />
        <counter type="METHOD" missed="0" covered="2" />
        <counter type="CLASS" missed="0" covered="1" />
      </class>
      <class name="eu/sollers/rifescbde/portal/resignation/domain/status/CustomResignationStatus" sourcefilename="CustomResignationStatus.java">
        <method name="&lt;init&gt;" desc="(Ljava/lang/String;I)V" line="32">
          <counter type="INSTRUCTION" missed="0" covered="12" />
          <counter type="LINE" missed="0" covered="3" />
          <counter type="COMPLEXITY" missed="0" covered="1" />
          <counter type="METHOD" missed="0" covered="1" />
        </method>
        <method name="getStatusCode" desc="()Leu/sollers/rife/sharedkernel/common/domain/model/vo/Code;" line="37">
          <counter type="INSTRUCTION" missed="0" covered="3" />
          <counter type="LINE" missed="0" covered="1" />
          <counter type="COMPLEXITY" missed="0" covered="1" />
          <counter type="METHOD" missed="0" covered="1" />
        </method>
        <method name="&lt;clinit&gt;" desc="()V" line="10">
          <counter type="INSTRUCTION" missed="0" covered="44" />
          <counter type="LINE" missed="0" covered="5" />
          <counter type="COMPLEXITY" missed="0" covered="1" />
          <counter type="METHOD" missed="0" covered="1" />
        </method>
        <counter type="INSTRUCTION" missed="0" covered="59" />
        <counter type="LINE" missed="0" covered="9" />
        <counter type="COMPLEXITY" missed="0" covered="3" />
        <counter type="METHOD" missed="0" covered="3" />
        <counter type="CLASS" missed="0" covered="1" />
      </class>
      <class name="eu/sollers/rifescbde/portal/resignation/domain/status/CustomResignationStatus$4" sourcefilename="CustomResignationStatus.java">
        <method name="&lt;init&gt;" desc="(Ljava/lang/String;I)V" line="24">
          <counter type="INSTRUCTION" missed="0" covered="6" />
          <counter type="LINE" missed="0" covered="1" />
          <counter type="COMPLEXITY" missed="0" covered="1" />
          <counter type="METHOD" missed="0" covered="1" />
        </method>
        <method name="getNextStatuses" desc="()Ljava/util/Collection;" line="26">
          <counter type="INSTRUCTION" missed="0" covered="2" />
          <counter type="LINE" missed="0" covered="1" />
          <counter type="COMPLEXITY" missed="0" covered="1" />
          <counter type="METHOD" missed="0" covered="1" />
        </method>
        <counter type="INSTRUCTION" missed="0" covered="8" />
        <counter type="LINE" missed="0" covered="2" />
        <counter type="COMPLEXITY" missed="0" covered="2" />
        <counter type="METHOD" missed="0" covered="2" />
        <counter type="CLASS" missed="0" covered="1" />
      </class>
      <class name="eu/sollers/rifescbde/portal/resignation/domain/status/CustomResignationStatus$3" sourcefilename="CustomResignationStatus.java">
        <method name="&lt;init&gt;" desc="(Ljava/lang/String;I)V" line="20">
          <counter type="INSTRUCTION" missed="0" covered="6" />
          <counter type="LINE" missed="0" covered="1" />
          <counter type="COMPLEXITY" missed="0" covered="1" />
          <counter type="METHOD" missed="0" covered="1" />
        </method>
        <method name="getNextStatuses" desc="()Ljava/util/Collection;" line="22">
          <counter type="INSTRUCTION" missed="0" covered="8" />
          <counter type="LINE" missed="0" covered="1" />
          <counter type="COMPLEXITY" missed="0" covered="1" />
          <counter type="METHOD" missed="0" covered="1" />
        </method>
        <counter type="INSTRUCTION" missed="0" covered="14" />
        <counter type="LINE" missed="0" covered="2" />
        <counter type="COMPLEXITY" missed="0" covered="2" />
        <counter type="METHOD" missed="0" covered="2" />
        <counter type="CLASS" missed="0" covered="1" />
      </class>
      <class name="eu/sollers/rifescbde/portal/resignation/domain/status/CustomResignationStatus$2" sourcefilename="CustomResignationStatus.java">
        <method name="&lt;init&gt;" desc="(Ljava/lang/String;I)V" line="16">
          <counter type="INSTRUCTION" missed="0" covered="6" />
          <counter type="LINE" missed="0" covered="1" />
          <counter type="COMPLEXITY" missed="0" covered="1" />
          <counter type="METHOD" missed="0" covered="1" />
        </method>
        <method name="getNextStatuses" desc="()Ljava/util/Collection;" line="18">
          <counter type="INSTRUCTION" missed="0" covered="8" />
          <counter type="LINE" missed="0" covered="1" />
          <counter type="COMPLEXITY" missed="0" covered="1" />
          <counter type="METHOD" missed="0" covered="1" />
        </method>
        <counter type="INSTRUCTION" missed="0" covered="14" />
        <counter type="LINE" missed="0" covered="2" />
        <counter type="COMPLEXITY" missed="0" covered="2" />
        <counter type="METHOD" missed="0" covered="2" />
        <counter type="CLASS" missed="0" covered="1" />
      </class>
      <class name="eu/sollers/rifescbde/portal/resignation/domain/status/CustomResignationStatus$1" sourcefilename="CustomResignationStatus.java">
        <method name="&lt;init&gt;" desc="(Ljava/lang/String;I)V" line="12">
          <counter type="INSTRUCTION" missed="0" covered="6" />
          <counter type="LINE" missed="0" covered="1" />
          <counter type="COMPLEXITY" missed="0" covered="1" />
          <counter type="METHOD" missed="0" covered="1" />
        </method>
        <method name="getNextStatuses" desc="()Ljava/util/Collection;" line="14">
          <counter type="INSTRUCTION" missed="0" covered="8" />
          <counter type="LINE" missed="0" covered="1" />
          <counter type="COMPLEXITY" missed="0" covered="1" />
          <counter type="METHOD" missed="0" covered="1" />
        </method>
        <counter type="INSTRUCTION" missed="0" covered="14" />
        <counter type="LINE" missed="0" covered="2" />
        <counter type="COMPLEXITY" missed="0" covered="2" />
        <counter type="METHOD" missed="0" covered="2" />
        <counter type="CLASS" missed="0" covered="1" />
      </class>
      <sourcefile name="CustomResignationStatusFlow.java">
        <line nr="19" mi="0" ci="3" mb="0" cb="0" />
        <line nr="20" mi="0" ci="5" mb="0" cb="0" />
        <line nr="22" mi="0" ci="4" mb="0" cb="0" />
        <line nr="24" mi="0" ci="3" mb="0" cb="0" />
        <line nr="25" mi="0" ci="4" mb="0" cb="0" />
        <line nr="29" mi="0" ci="11" mb="0" cb="0" />
        <line nr="32" mi="0" ci="1" mb="0" cb="0" />
        <counter type="INSTRUCTION" missed="0" covered="31" />
        <counter type="LINE" missed="0" covered="7" />
        <counter type="COMPLEXITY" missed="0" covered="2" />
        <counter type="METHOD" missed="0" covered="2" />
        <counter type="CLASS" missed="0" covered="1" />
      </sourcefile>
      <sourcefile name="CustomResignationStatus.java">
        <line nr="10" mi="0" ci="20" mb="0" cb="0" />
        <line nr="12" mi="0" ci="12" mb="0" cb="0" />
        <line nr="14" mi="0" ci="8" mb="0" cb="0" />
        <line nr="16" mi="0" ci="12" mb="0" cb="0" />
        <line nr="18" mi="0" ci="8" mb="0" cb="0" />
        <line nr="20" mi="0" ci="12" mb="0" cb="0" />
        <line nr="22" mi="0" ci="8" mb="0" cb="0" />
        <line nr="24" mi="0" ci="12" mb="0" cb="0" />
        <line nr="26" mi="0" ci="2" mb="0" cb="0" />
        <line nr="32" mi="0" ci="4" mb="0" cb="0" />
        <line nr="33" mi="0" ci="7" mb="0" cb="0" />
        <line nr="34" mi="0" ci="1" mb="0" cb="0" />
        <line nr="37" mi="0" ci="3" mb="0" cb="0" />
        <counter type="INSTRUCTION" missed="0" covered="109" />
        <counter type="LINE" missed="0" covered="13" />
        <counter type="COMPLEXITY" missed="0" covered="11" />
        <counter type="METHOD" missed="0" covered="11" />
        <counter type="CLASS" missed="0" covered="5" />
      </sourcefile>
      <counter type="INSTRUCTION" missed="0" covered="140" />
      <counter type="LINE" missed="0" covered="20" />
      <counter type="COMPLEXITY" missed="0" covered="13" />
      <counter type="METHOD" missed="0" covered="13" />
      <counter type="CLASS" missed="0" covered="6" />
    </package>
    <package name="eu/sollers/rifescbde/sales/insuranceapplication/application/impl">
      <class name="eu/sollers/rifescbde/sales/insuranceapplication/application/impl/CustomAbandonTimeServiceImpl" sourcefilename="CustomAbandonTimeServiceImpl.java">
        <method name="&lt;init&gt;" desc="(Leu/sollers/rife/portal/globalparameter/query/GlobalParameterQueryService;)V" line="18">
          <counter type="INSTRUCTION" missed="0" covered="6" />
          <counter type="LINE" missed="0" covered="3" />
          <counter type="COMPLEXITY" missed="0" covered="1" />
          <counter type="METHOD" missed="0" covered="1" />
        </method>
        <method name="getAbandonedLimit" desc="(Ljava/lang/String;)Ljava/time/Instant;" line="24">
          <counter type="INSTRUCTION" missed="0" covered="11" />
          <counter type="LINE" missed="0" covered="2" />
          <counter type="COMPLEXITY" missed="0" covered="1" />
          <counter type="METHOD" missed="0" covered="1" />
        </method>
        <counter type="INSTRUCTION" missed="0" covered="17" />
        <counter type="LINE" missed="0" covered="5" />
        <counter type="COMPLEXITY" missed="0" covered="2" />
        <counter type="METHOD" missed="0" covered="2" />
        <counter type="CLASS" missed="0" covered="1" />
      </class>
      <sourcefile name="CustomAbandonTimeServiceImpl.java">
        <line nr="18" mi="0" ci="2" mb="0" cb="0" />
        <line nr="19" mi="0" ci="3" mb="0" cb="0" />
        <line nr="20" mi="0" ci="1" mb="0" cb="0" />
        <line nr="24" mi="0" ci="6" mb="0" cb="0" />
        <line nr="25" mi="0" ci="5" mb="0" cb="0" />
        <counter type="INSTRUCTION" missed="0" covered="17" />
        <counter type="LINE" missed="0" covered="5" />
        <counter type="COMPLEXITY" missed="0" covered="2" />
        <counter type="METHOD" missed="0" covered="2" />
        <counter type="CLASS" missed="0" covered="1" />
      </sourcefile>
      <counter type="INSTRUCTION" missed="0" covered="17" />
      <counter type="LINE" missed="0" covered="5" />
      <counter type="COMPLEXITY" missed="0" covered="2" />
      <counter type="METHOD" missed="0" covered="2" />
      <counter type="CLASS" missed="0" covered="1" />
    </package>
    <package name="eu/sollers/rifescbde/sales/insuranceapplication/domain/status">
      <class name="eu/sollers/rifescbde/sales/insuranceapplication/domain/status/CustomInsuranceApplicationStatus$1" sourcefilename="CustomInsuranceApplicationStatus.java">
        <method name="&lt;init&gt;" desc="(Ljava/lang/String;I)V" line="11">
          <counter type="INSTRUCTION" missed="0" covered="6" />
          <counter type="LINE" missed="0" covered="1" />
          <counter type="COMPLEXITY" missed="0" covered="1" />
          <counter type="METHOD" missed="0" covered="1" />
        </method>
        <method name="getNextStatuses" desc="()Ljava/util/Collection;" line="14">
          <counter type="INSTRUCTION" missed="0" covered="12" />
          <counter type="LINE" missed="0" covered="1" />
          <counter type="COMPLEXITY" missed="0" covered="1" />
          <counter type="METHOD" missed="0" covered="1" />
        </method>
        <counter type="INSTRUCTION" missed="0" covered="18" />
        <counter type="LINE" missed="0" covered="2" />
        <counter type="COMPLEXITY" missed="0" covered="2" />
        <counter type="METHOD" missed="0" covered="2" />
        <counter type="CLASS" missed="0" covered="1" />
      </class>
      <class name="eu/sollers/rifescbde/sales/insuranceapplication/domain/status/CustomInsuranceApplicationStatus$2" sourcefilename="CustomInsuranceApplicationStatus.java">
        <method name="&lt;init&gt;" desc="(Ljava/lang/String;I)V" line="16">
          <counter type="INSTRUCTION" missed="0" covered="6" />
          <counter type="LINE" missed="0" covered="1" />
          <counter type="COMPLEXITY" missed="0" covered="1" />
          <counter type="METHOD" missed="0" covered="1" />
        </method>
        <method name="getNextStatuses" desc="()Ljava/util/Collection;" line="19">
          <counter type="INSTRUCTION" missed="0" covered="3" />
          <counter type="LINE" missed="0" covered="1" />
          <counter type="COMPLEXITY" missed="0" covered="1" />
          <counter type="METHOD" missed="0" covered="1" />
        </method>
        <counter type="INSTRUCTION" missed="0" covered="9" />
        <counter type="LINE" missed="0" covered="2" />
        <counter type="COMPLEXITY" missed="0" covered="2" />
        <counter type="METHOD" missed="0" covered="2" />
        <counter type="CLASS" missed="0" covered="1" />
      </class>
      <class name="eu/sollers/rifescbde/sales/insuranceapplication/domain/status/CustomInsuranceApplicationStatusFlow" sourcefilename="CustomInsuranceApplicationStatusFlow.java">
        <method name="&lt;init&gt;" desc="()V" line="14">
          <counter type="INSTRUCTION" missed="0" covered="8" />
          <counter type="LINE" missed="0" covered="3" />
          <counter type="COMPLEXITY" missed="0" covered="1" />
          <counter type="METHOD" missed="0" covered="1" />
        </method>
        <counter type="INSTRUCTION" missed="0" covered="8" />
        <counter type="LINE" missed="0" covered="3" />
        <counter type="COMPLEXITY" missed="0" covered="1" />
        <counter type="METHOD" missed="0" covered="1" />
        <counter type="CLASS" missed="0" covered="1" />
      </class>
      <class name="eu/sollers/rifescbde/sales/insuranceapplication/domain/status/CustomInsuranceApplicationStatus$3" sourcefilename="CustomInsuranceApplicationStatus.java">
        <method name="&lt;init&gt;" desc="(Ljava/lang/String;I)V" line="21">
          <counter type="INSTRUCTION" missed="0" covered="6" />
          <counter type="LINE" missed="0" covered="1" />
          <counter type="COMPLEXITY" missed="0" covered="1" />
          <counter type="METHOD" missed="0" covered="1" />
        </method>
        <method name="getNextStatuses" desc="()Ljava/util/Collection;" line="24">
          <counter type="INSTRUCTION" missed="0" covered="20" />
          <counter type="LINE" missed="0" covered="1" />
          <counter type="COMPLEXITY" missed="0" covered="1" />
          <counter type="METHOD" missed="0" covered="1" />
        </method>
        <counter type="INSTRUCTION" missed="0" covered="26" />
        <counter type="LINE" missed="0" covered="2" />
        <counter type="COMPLEXITY" missed="0" covered="2" />
        <counter type="METHOD" missed="0" covered="2" />
        <counter type="CLASS" missed="0" covered="1" />
      </class>
      <class name="eu/sollers/rifescbde/sales/insuranceapplication/domain/status/CustomInsuranceApplicationStatus$4" sourcefilename="CustomInsuranceApplicationStatus.java">
        <method name="&lt;init&gt;" desc="(Ljava/lang/String;I)V" line="26">
          <counter type="INSTRUCTION" missed="0" covered="6" />
          <counter type="LINE" missed="0" covered="1" />
          <counter type="COMPLEXITY" missed="0" covered="1" />
          <counter type="METHOD" missed="0" covered="1" />
        </method>
        <method name="getNextStatuses" desc="()Ljava/util/Collection;" line="29">
          <counter type="INSTRUCTION" missed="0" covered="2" />
          <counter type="LINE" missed="0" covered="1" />
          <counter type="COMPLEXITY" missed="0" covered="1" />
          <counter type="METHOD" missed="0" covered="1" />
        </method>
        <counter type="INSTRUCTION" missed="0" covered="8" />
        <counter type="LINE" missed="0" covered="2" />
        <counter type="COMPLEXITY" missed="0" covered="2" />
        <counter type="METHOD" missed="0" covered="2" />
        <counter type="CLASS" missed="0" covered="1" />
      </class>
      <class name="eu/sollers/rifescbde/sales/insuranceapplication/domain/status/CustomInsuranceApplicationStatus$5" sourcefilename="CustomInsuranceApplicationStatus.java">
        <method name="&lt;init&gt;" desc="(Ljava/lang/String;I)V" line="31">
          <counter type="INSTRUCTION" missed="0" covered="6" />
          <counter type="LINE" missed="0" covered="1" />
          <counter type="COMPLEXITY" missed="0" covered="1" />
          <counter type="METHOD" missed="0" covered="1" />
        </method>
        <method name="getNextStatuses" desc="()Ljava/util/Collection;" line="34">
          <counter type="INSTRUCTION" missed="0" covered="12" />
          <counter type="LINE" missed="0" covered="1" />
          <counter type="COMPLEXITY" missed="0" covered="1" />
          <counter type="METHOD" missed="0" covered="1" />
        </method>
        <counter type="INSTRUCTION" missed="0" covered="18" />
        <counter type="LINE" missed="0" covered="2" />
        <counter type="COMPLEXITY" missed="0" covered="2" />
        <counter type="METHOD" missed="0" covered="2" />
        <counter type="CLASS" missed="0" covered="1" />
      </class>
      <class name="eu/sollers/rifescbde/sales/insuranceapplication/domain/status/CustomInsuranceApplicationStatus$6" sourcefilename="CustomInsuranceApplicationStatus.java">
        <method name="&lt;init&gt;" desc="(Ljava/lang/String;I)V" line="36">
          <counter type="INSTRUCTION" missed="0" covered="6" />
          <counter type="LINE" missed="0" covered="1" />
          <counter type="COMPLEXITY" missed="0" covered="1" />
          <counter type="METHOD" missed="0" covered="1" />
        </method>
        <method name="getNextStatuses" desc="()Ljava/util/Collection;" line="39">
          <counter type="INSTRUCTION" missed="0" covered="2" />
          <counter type="LINE" missed="0" covered="1" />
          <counter type="COMPLEXITY" missed="0" covered="1" />
          <counter type="METHOD" missed="0" covered="1" />
        </method>
        <counter type="INSTRUCTION" missed="0" covered="8" />
        <counter type="LINE" missed="0" covered="2" />
        <counter type="COMPLEXITY" missed="0" covered="2" />
        <counter type="METHOD" missed="0" covered="2" />
        <counter type="CLASS" missed="0" covered="1" />
      </class>
      <class name="eu/sollers/rifescbde/sales/insuranceapplication/domain/status/CustomInsuranceApplicationStatus" sourcefilename="CustomInsuranceApplicationStatus.java">
        <method name="&lt;init&gt;" desc="(Ljava/lang/String;I)V" line="45">
          <counter type="INSTRUCTION" missed="0" covered="12" />
          <counter type="LINE" missed="0" covered="3" />
          <counter type="COMPLEXITY" missed="0" covered="1" />
          <counter type="METHOD" missed="0" covered="1" />
        </method>
        <method name="getStatusCode" desc="()Leu/sollers/rife/sharedkernel/common/domain/model/vo/Code;" line="51">
          <counter type="INSTRUCTION" missed="0" covered="3" />
          <counter type="LINE" missed="0" covered="1" />
          <counter type="COMPLEXITY" missed="0" covered="1" />
          <counter type="METHOD" missed="0" covered="1" />
        </method>
        <method name="&lt;clinit&gt;" desc="()V" line="10">
          <counter type="INSTRUCTION" missed="0" covered="64" />
          <counter type="LINE" missed="0" covered="7" />
          <counter type="COMPLEXITY" missed="0" covered="1" />
          <counter type="METHOD" missed="0" covered="1" />
        </method>
        <counter type="INSTRUCTION" missed="0" covered="79" />
        <counter type="LINE" missed="0" covered="11" />
        <counter type="COMPLEXITY" missed="0" covered="3" />
        <counter type="METHOD" missed="0" covered="3" />
        <counter type="CLASS" missed="0" covered="1" />
      </class>
      <sourcefile name="CustomInsuranceApplicationStatus.java">
        <line nr="10" mi="0" ci="28" mb="0" cb="0" />
        <line nr="11" mi="0" ci="12" mb="0" cb="0" />
        <line nr="14" mi="0" ci="12" mb="0" cb="0" />
        <line nr="16" mi="0" ci="12" mb="0" cb="0" />
        <line nr="19" mi="0" ci="3" mb="0" cb="0" />
        <line nr="21" mi="0" ci="12" mb="0" cb="0" />
        <line nr="24" mi="0" ci="20" mb="0" cb="0" />
        <line nr="26" mi="0" ci="12" mb="0" cb="0" />
        <line nr="29" mi="0" ci="2" mb="0" cb="0" />
        <line nr="31" mi="0" ci="12" mb="0" cb="0" />
        <line nr="34" mi="0" ci="12" mb="0" cb="0" />
        <line nr="36" mi="0" ci="12" mb="0" cb="0" />
        <line nr="39" mi="0" ci="2" mb="0" cb="0" />
        <line nr="45" mi="0" ci="4" mb="0" cb="0" />
        <line nr="46" mi="0" ci="7" mb="0" cb="0" />
        <line nr="47" mi="0" ci="1" mb="0" cb="0" />
        <line nr="51" mi="0" ci="3" mb="0" cb="0" />
        <counter type="INSTRUCTION" missed="0" covered="166" />
        <counter type="LINE" missed="0" covered="17" />
        <counter type="COMPLEXITY" missed="0" covered="15" />
        <counter type="METHOD" missed="0" covered="15" />
        <counter type="CLASS" missed="0" covered="7" />
      </sourcefile>
      <sourcefile name="CustomInsuranceApplicationStatusFlow.java">
        <line nr="14" mi="0" ci="4" mb="0" cb="0" />
        <line nr="15" mi="0" ci="3" mb="0" cb="0" />
        <line nr="16" mi="0" ci="1" mb="0" cb="0" />
        <counter type="INSTRUCTION" missed="0" covered="8" />
        <counter type="LINE" missed="0" covered="3" />
        <counter type="COMPLEXITY" missed="0" covered="1" />
        <counter type="METHOD" missed="0" covered="1" />
        <counter type="CLASS" missed="0" covered="1" />
      </sourcefile>
      <counter type="INSTRUCTION" missed="0" covered="174" />
      <counter type="LINE" missed="0" covered="20" />
      <counter type="COMPLEXITY" missed="0" covered="16" />
      <counter type="METHOD" missed="0" covered="16" />
      <counter type="CLASS" missed="0" covered="8" />
    </package>
    <package name="eu/sollers/rifescbde/sales/policy/domain/model">
      <class name="eu/sollers/rifescbde/sales/policy/domain/model/CustomTotalPremiumDataAttribute" sourcefilename="CustomTotalPremiumDataAttribute.java">
        <method name="&lt;init&gt;" desc="(Ljava/lang/String;ILjava/lang/String;)V" line="34">
          <counter type="INSTRUCTION" missed="0" covered="44" />
          <counter type="BRANCH" missed="0" covered="2" />
          <counter type="LINE" missed="0" covered="11" />
          <counter type="COMPLEXITY" missed="0" covered="2" />
          <counter type="METHOD" missed="0" covered="1" />
        </method>
        <method name="getLocalPath" desc="()Ljava/lang/String;" line="50">
          <counter type="INSTRUCTION" missed="0" covered="3" />
          <counter type="LINE" missed="0" covered="1" />
          <counter type="COMPLEXITY" missed="0" covered="1" />
          <counter type="METHOD" missed="0" covered="1" />
        </method>
        <method name="getPathFromOwnerRootPath" desc="()Ljava/lang/String;" line="55">
          <counter type="INSTRUCTION" missed="0" covered="3" />
          <counter type="LINE" missed="0" covered="1" />
          <counter type="COMPLEXITY" missed="0" covered="1" />
          <counter type="METHOD" missed="0" covered="1" />
        </method>
        <method name="getLocalName" desc="()Ljava/lang/String;" line="60">
          <counter type="INSTRUCTION" missed="0" covered="3" />
          <counter type="LINE" missed="0" covered="1" />
          <counter type="COMPLEXITY" missed="0" covered="1" />
          <counter type="METHOD" missed="0" covered="1" />
        </method>
        <method name="&lt;clinit&gt;" desc="()V" line="9">
          <counter type="INSTRUCTION" missed="0" covered="158" />
          <counter type="LINE" missed="0" covered="15" />
          <counter type="COMPLEXITY" missed="0" covered="1" />
          <counter type="METHOD" missed="0" covered="1" />
        </method>
        <counter type="INSTRUCTION" missed="0" covered="211" />
        <counter type="BRANCH" missed="0" covered="2" />
        <counter type="LINE" missed="0" covered="29" />
        <counter type="COMPLEXITY" missed="0" covered="6" />
        <counter type="METHOD" missed="0" covered="5" />
        <counter type="CLASS" missed="0" covered="1" />
      </class>
      <class name="eu/sollers/rifescbde/sales/policy/domain/model/CustomPolicyHolderAttribute" sourcefilename="CustomPolicyHolderAttribute.java">
        <method name="&lt;init&gt;" desc="(Ljava/lang/String;ILjava/lang/String;)V" line="50">
          <counter type="INSTRUCTION" missed="0" covered="44" />
          <counter type="BRANCH" missed="0" covered="2" />
          <counter type="LINE" missed="0" covered="11" />
          <counter type="COMPLEXITY" missed="0" covered="2" />
          <counter type="METHOD" missed="0" covered="1" />
        </method>
        <method name="getLocalPath" desc="()Ljava/lang/String;" line="66">
          <counter type="INSTRUCTION" missed="0" covered="3" />
          <counter type="LINE" missed="0" covered="1" />
          <counter type="COMPLEXITY" missed="0" covered="1" />
          <counter type="METHOD" missed="0" covered="1" />
        </method>
        <method name="getPathFromOwnerRootPath" desc="()Ljava/lang/String;" line="71">
          <counter type="INSTRUCTION" missed="0" covered="3" />
          <counter type="LINE" missed="0" covered="1" />
          <counter type="COMPLEXITY" missed="0" covered="1" />
          <counter type="METHOD" missed="0" covered="1" />
        </method>
        <method name="getLocalName" desc="()Ljava/lang/String;" line="76">
          <counter type="INSTRUCTION" missed="0" covered="3" />
          <counter type="LINE" missed="0" covered="1" />
          <counter type="COMPLEXITY" missed="0" covered="1" />
          <counter type="METHOD" missed="0" covered="1" />
        </method>
        <method name="&lt;clinit&gt;" desc="()V" line="10">
          <counter type="INSTRUCTION" missed="0" covered="323" />
          <counter type="LINE" missed="0" covered="30" />
          <counter type="COMPLEXITY" missed="0" covered="1" />
          <counter type="METHOD" missed="0" covered="1" />
        </method>
        <counter type="INSTRUCTION" missed="0" covered="376" />
        <counter type="BRANCH" missed="0" covered="2" />
        <counter type="LINE" missed="0" covered="44" />
        <counter type="COMPLEXITY" missed="0" covered="6" />
        <counter type="METHOD" missed="0" covered="5" />
        <counter type="CLASS" missed="0" covered="1" />
      </class>
      <class name="eu/sollers/rifescbde/sales/policy/domain/model/CustomPolicyClassInstanceDomainService" sourcefilename="CustomPolicyClassInstanceDomainService.java" />
      <class name="eu/sollers/rifescbde/sales/policy/domain/model/CustomPolicyHeaderAttribute" sourcefilename="CustomPolicyHeaderAttribute.java">
        <method name="&lt;init&gt;" desc="(Ljava/lang/String;ILjava/lang/String;)V" line="26">
          <counter type="INSTRUCTION" missed="0" covered="44" />
          <counter type="BRANCH" missed="0" covered="2" />
          <counter type="LINE" missed="0" covered="11" />
          <counter type="COMPLEXITY" missed="0" covered="2" />
          <counter type="METHOD" missed="0" covered="1" />
        </method>
        <method name="getLocalPath" desc="()Ljava/lang/String;" line="42">
          <counter type="INSTRUCTION" missed="0" covered="3" />
          <counter type="LINE" missed="0" covered="1" />
          <counter type="COMPLEXITY" missed="0" covered="1" />
          <counter type="METHOD" missed="0" covered="1" />
        </method>
        <method name="getPathFromOwnerRootPath" desc="()Ljava/lang/String;" line="47">
          <counter type="INSTRUCTION" missed="0" covered="3" />
          <counter type="LINE" missed="0" covered="1" />
          <counter type="COMPLEXITY" missed="0" covered="1" />
          <counter type="METHOD" missed="0" covered="1" />
        </method>
        <method name="getLocalName" desc="()Ljava/lang/String;" line="52">
          <counter type="INSTRUCTION" missed="0" covered="3" />
          <counter type="LINE" missed="0" covered="1" />
          <counter type="COMPLEXITY" missed="0" covered="1" />
          <counter type="METHOD" missed="0" covered="1" />
        </method>
        <method name="&lt;clinit&gt;" desc="()V" line="9">
          <counter type="INSTRUCTION" missed="0" covered="70" />
          <counter type="LINE" missed="0" covered="7" />
          <counter type="COMPLEXITY" missed="0" covered="1" />
          <counter type="METHOD" missed="0" covered="1" />
        </method>
        <counter type="INSTRUCTION" missed="0" covered="123" />
        <counter type="BRANCH" missed="0" covered="2" />
        <counter type="LINE" missed="0" covered="21" />
        <counter type="COMPLEXITY" missed="0" covered="6" />
        <counter type="METHOD" missed="0" covered="5" />
        <counter type="CLASS" missed="0" covered="1" />
      </class>
      <sourcefile name="CustomPolicyClassInstanceDomainService.java" />
      <sourcefile name="CustomPolicyHolderAttribute.java">
        <line nr="10" mi="0" ci="120" mb="0" cb="0" />
        <line nr="14" mi="0" ci="7" mb="0" cb="0" />
        <line nr="15" mi="0" ci="7" mb="0" cb="0" />
        <line nr="16" mi="0" ci="7" mb="0" cb="0" />
        <line nr="17" mi="0" ci="7" mb="0" cb="0" />
        <line nr="18" mi="0" ci="7" mb="0" cb="0" />
        <line nr="19" mi="0" ci="7" mb="0" cb="0" />
        <line nr="20" mi="0" ci="7" mb="0" cb="0" />
        <line nr="21" mi="0" ci="7" mb="0" cb="0" />
        <line nr="22" mi="0" ci="7" mb="0" cb="0" />
        <line nr="23" mi="0" ci="7" mb="0" cb="0" />
        <line nr="24" mi="0" ci="7" mb="0" cb="0" />
        <line nr="25" mi="0" ci="7" mb="0" cb="0" />
        <line nr="26" mi="0" ci="7" mb="0" cb="0" />
        <line nr="27" mi="0" ci="7" mb="0" cb="0" />
        <line nr="28" mi="0" ci="7" mb="0" cb="0" />
        <line nr="29" mi="0" ci="7" mb="0" cb="0" />
        <line nr="30" mi="0" ci="7" mb="0" cb="0" />
        <line nr="31" mi="0" ci="7" mb="0" cb="0" />
        <line nr="32" mi="0" ci="7" mb="0" cb="0" />
        <line nr="33" mi="0" ci="7" mb="0" cb="0" />
        <line nr="34" mi="0" ci="7" mb="0" cb="0" />
        <line nr="35" mi="0" ci="7" mb="0" cb="0" />
        <line nr="36" mi="0" ci="7" mb="0" cb="0" />
        <line nr="37" mi="0" ci="7" mb="0" cb="0" />
        <line nr="38" mi="0" ci="7" mb="0" cb="0" />
        <line nr="39" mi="0" ci="7" mb="0" cb="0" />
        <line nr="40" mi="0" ci="7" mb="0" cb="0" />
        <line nr="41" mi="0" ci="7" mb="0" cb="0" />
        <line nr="42" mi="0" ci="7" mb="0" cb="0" />
        <line nr="50" mi="0" ci="4" mb="0" cb="0" />
        <line nr="51" mi="0" ci="5" mb="0" cb="0" />
        <line nr="52" mi="0" ci="3" mb="0" cb="2" />
        <line nr="53" mi="0" ci="4" mb="0" cb="0" />
        <line nr="54" mi="0" ci="3" mb="0" cb="0" />
        <line nr="55" mi="0" ci="4" mb="0" cb="0" />
        <line nr="57" mi="0" ci="5" mb="0" cb="0" />
        <line nr="58" mi="0" ci="6" mb="0" cb="0" />
        <line nr="59" mi="0" ci="4" mb="0" cb="0" />
        <line nr="60" mi="0" ci="5" mb="0" cb="0" />
        <line nr="62" mi="0" ci="1" mb="0" cb="0" />
        <line nr="66" mi="0" ci="3" mb="0" cb="0" />
        <line nr="71" mi="0" ci="3" mb="0" cb="0" />
        <line nr="76" mi="0" ci="3" mb="0" cb="0" />
        <counter type="INSTRUCTION" missed="0" covered="376" />
        <counter type="BRANCH" missed="0" covered="2" />
        <counter type="LINE" missed="0" covered="44" />
        <counter type="COMPLEXITY" missed="0" covered="6" />
        <counter type="METHOD" missed="0" covered="5" />
        <counter type="CLASS" missed="0" covered="1" />
      </sourcefile>
      <sourcefile name="CustomPolicyHeaderAttribute.java">
        <line nr="9" mi="0" ci="28" mb="0" cb="0" />
        <line nr="13" mi="0" ci="7" mb="0" cb="0" />
        <line nr="14" mi="0" ci="7" mb="0" cb="0" />
        <line nr="15" mi="0" ci="7" mb="0" cb="0" />
        <line nr="16" mi="0" ci="7" mb="0" cb="0" />
        <line nr="17" mi="0" ci="7" mb="0" cb="0" />
        <line nr="18" mi="0" ci="7" mb="0" cb="0" />
        <line nr="26" mi="0" ci="4" mb="0" cb="0" />
        <line nr="27" mi="0" ci="5" mb="0" cb="0" />
        <line nr="28" mi="0" ci="3" mb="0" cb="2" />
        <line nr="29" mi="0" ci="4" mb="0" cb="0" />
        <line nr="30" mi="0" ci="3" mb="0" cb="0" />
        <line nr="31" mi="0" ci="4" mb="0" cb="0" />
        <line nr="33" mi="0" ci="5" mb="0" cb="0" />
        <line nr="34" mi="0" ci="6" mb="0" cb="0" />
        <line nr="35" mi="0" ci="4" mb="0" cb="0" />
        <line nr="36" mi="0" ci="5" mb="0" cb="0" />
        <line nr="38" mi="0" ci="1" mb="0" cb="0" />
        <line nr="42" mi="0" ci="3" mb="0" cb="0" />
        <line nr="47" mi="0" ci="3" mb="0" cb="0" />
        <line nr="52" mi="0" ci="3" mb="0" cb="0" />
        <counter type="INSTRUCTION" missed="0" covered="123" />
        <counter type="BRANCH" missed="0" covered="2" />
        <counter type="LINE" missed="0" covered="21" />
        <counter type="COMPLEXITY" missed="0" covered="6" />
        <counter type="METHOD" missed="0" covered="5" />
        <counter type="CLASS" missed="0" covered="1" />
      </sourcefile>
      <sourcefile name="CustomTotalPremiumDataAttribute.java">
        <line nr="9" mi="0" ci="60" mb="0" cb="0" />
        <line nr="13" mi="0" ci="7" mb="0" cb="0" />
        <line nr="14" mi="0" ci="7" mb="0" cb="0" />
        <line nr="15" mi="0" ci="7" mb="0" cb="0" />
        <line nr="16" mi="0" ci="7" mb="0" cb="0" />
        <line nr="17" mi="0" ci="7" mb="0" cb="0" />
        <line nr="18" mi="0" ci="7" mb="0" cb="0" />
        <line nr="19" mi="0" ci="7" mb="0" cb="0" />
        <line nr="20" mi="0" ci="7" mb="0" cb="0" />
        <line nr="21" mi="0" ci="7" mb="0" cb="0" />
        <line nr="22" mi="0" ci="7" mb="0" cb="0" />
        <line nr="23" mi="0" ci="7" mb="0" cb="0" />
        <line nr="24" mi="0" ci="7" mb="0" cb="0" />
        <line nr="25" mi="0" ci="7" mb="0" cb="0" />
        <line nr="26" mi="0" ci="7" mb="0" cb="0" />
        <line nr="34" mi="0" ci="4" mb="0" cb="0" />
        <line nr="35" mi="0" ci="5" mb="0" cb="0" />
        <line nr="36" mi="0" ci="3" mb="0" cb="2" />
        <line nr="37" mi="0" ci="4" mb="0" cb="0" />
        <line nr="38" mi="0" ci="3" mb="0" cb="0" />
        <line nr="39" mi="0" ci="4" mb="0" cb="0" />
        <line nr="41" mi="0" ci="5" mb="0" cb="0" />
        <line nr="42" mi="0" ci="6" mb="0" cb="0" />
        <line nr="43" mi="0" ci="4" mb="0" cb="0" />
        <line nr="44" mi="0" ci="5" mb="0" cb="0" />
        <line nr="46" mi="0" ci="1" mb="0" cb="0" />
        <line nr="50" mi="0" ci="3" mb="0" cb="0" />
        <line nr="55" mi="0" ci="3" mb="0" cb="0" />
        <line nr="60" mi="0" ci="3" mb="0" cb="0" />
        <counter type="INSTRUCTION" missed="0" covered="211" />
        <counter type="BRANCH" missed="0" covered="2" />
        <counter type="LINE" missed="0" covered="29" />
        <counter type="COMPLEXITY" missed="0" covered="6" />
        <counter type="METHOD" missed="0" covered="5" />
        <counter type="CLASS" missed="0" covered="1" />
      </sourcefile>
      <counter type="INSTRUCTION" missed="0" covered="710" />
      <counter type="BRANCH" missed="0" covered="6" />
      <counter type="LINE" missed="0" covered="94" />
      <counter type="COMPLEXITY" missed="0" covered="18" />
      <counter type="METHOD" missed="0" covered="15" />
      <counter type="CLASS" missed="0" covered="3" />
    </package>
    <package name="eu/sollers/rifescbde/sales/recall/application">
      <class name="eu/sollers/rifescbde/sales/recall/application/RecallOfferService" sourcefilename="RecallOfferService.java" />
      <sourcefile name="RecallOfferService.java" />
    </package>
    <package name="eu/sollers/rifescbde/sales/security/domain/model">
      <class name="eu/sollers/rifescbde/sales/security/domain/model/CustomRifeBusinessOperationCodes" sourcefilename="CustomRifeBusinessOperationCodes.java">
        <method name="&lt;init&gt;" desc="()V" line="6">
          <counter type="INSTRUCTION" missed="7" covered="0" />
          <counter type="LINE" missed="2" covered="0" />
          <counter type="COMPLEXITY" missed="1" covered="0" />
          <counter type="METHOD" missed="1" covered="0" />
        </method>
        <counter type="INSTRUCTION" missed="7" covered="0" />
        <counter type="LINE" missed="2" covered="0" />
        <counter type="COMPLEXITY" missed="1" covered="0" />
        <counter type="METHOD" missed="1" covered="0" />
        <counter type="CLASS" missed="1" covered="0" />
      </class>
      <sourcefile name="CustomRifeBusinessOperationCodes.java">
        <line nr="6" mi="2" ci="0" mb="0" cb="0" />
        <line nr="7" mi="5" ci="0" mb="0" cb="0" />
        <counter type="INSTRUCTION" missed="7" covered="0" />
        <counter type="LINE" missed="2" covered="0" />
        <counter type="COMPLEXITY" missed="1" covered="0" />
        <counter type="METHOD" missed="1" covered="0" />
        <counter type="CLASS" missed="1" covered="0" />
      </sourcefile>
      <counter type="INSTRUCTION" missed="7" covered="0" />
      <counter type="LINE" missed="2" covered="0" />
      <counter type="COMPLEXITY" missed="1" covered="0" />
      <counter type="METHOD" missed="1" covered="0" />
      <counter type="CLASS" missed="1" covered="0" />
    </package>
    <package name="eu/sollers/rifescbde/sales/recall/query/impl">
      <class name="eu/sollers/rifescbde/sales/recall/query/impl/RecallOfferQueryServiceImpl" sourcefilename="RecallOfferQueryServiceImpl.java">
        <method name="&lt;init&gt;" desc="()V" line="17">
          <counter type="INSTRUCTION" missed="0" covered="4" />
          <counter type="LINE" missed="0" covered="2" />
          <counter type="COMPLEXITY" missed="0" covered="1" />
          <counter type="METHOD" missed="0" covered="1" />
        </method>
        <method name="anyOffersSentDuringLastNDays" desc="(Ljava/lang/String;Ljava/lang/String;I)Z" line="22">
          <counter type="INSTRUCTION" missed="0" covered="31" />
          <counter type="LINE" missed="0" covered="5" />
          <counter type="COMPLEXITY" missed="0" covered="1" />
          <counter type="METHOD" missed="0" covered="1" />
        </method>
        <method name="getOfferedProductCodes" desc="(Ljava/lang/String;Ljava/lang/String;)Ljava/util/List;" line="31">
          <counter type="INSTRUCTION" missed="0" covered="33" />
          <counter type="LINE" missed="0" covered="6" />
          <counter type="COMPLEXITY" missed="0" covered="1" />
          <counter type="METHOD" missed="0" covered="1" />
        </method>
        <method name="&lt;clinit&gt;" desc="()V" line="14">
          <counter type="INSTRUCTION" missed="0" covered="3" />
          <counter type="LINE" missed="0" covered="1" />
          <counter type="COMPLEXITY" missed="0" covered="1" />
          <counter type="METHOD" missed="0" covered="1" />
        </method>
        <counter type="INSTRUCTION" missed="0" covered="71" />
        <counter type="LINE" missed="0" covered="14" />
        <counter type="COMPLEXITY" missed="0" covered="4" />
        <counter type="METHOD" missed="0" covered="4" />
        <counter type="CLASS" missed="0" covered="1" />
      </class>
      <sourcefile name="RecallOfferQueryServiceImpl.java">
        <line nr="14" mi="0" ci="3" mb="0" cb="0" />
        <line nr="17" mi="0" ci="3" mb="0" cb="0" />
        <line nr="18" mi="0" ci="1" mb="0" cb="0" />
        <line nr="22" mi="0" ci="6" mb="0" cb="0" />
        <line nr="23" mi="0" ci="8" mb="0" cb="0" />
        <line nr="24" mi="0" ci="6" mb="0" cb="0" />
        <line nr="25" mi="0" ci="4" mb="0" cb="0" />
        <line nr="26" mi="0" ci="7" mb="0" cb="0" />
        <line nr="31" mi="0" ci="10" mb="0" cb="0" />
        <line nr="32" mi="0" ci="8" mb="0" cb="0" />
        <line nr="33" mi="0" ci="3" mb="0" cb="0" />
        <line nr="34" mi="0" ci="7" mb="0" cb="0" />
        <line nr="35" mi="0" ci="4" mb="0" cb="0" />
        <line nr="36" mi="0" ci="1" mb="0" cb="0" />
        <counter type="INSTRUCTION" missed="0" covered="71" />
        <counter type="LINE" missed="0" covered="14" />
        <counter type="COMPLEXITY" missed="0" covered="4" />
        <counter type="METHOD" missed="0" covered="4" />
        <counter type="CLASS" missed="0" covered="1" />
      </sourcefile>
      <counter type="INSTRUCTION" missed="0" covered="71" />
      <counter type="LINE" missed="0" covered="14" />
      <counter type="COMPLEXITY" missed="0" covered="4" />
      <counter type="METHOD" missed="0" covered="4" />
      <counter type="CLASS" missed="0" covered="1" />
    </package>
    <package name="eu/sollers/rifescbde/sales/insuranceapplication/domain">
      <class name="eu/sollers/rifescbde/sales/insuranceapplication/domain/CustomInsuranceApplicationLifeCycleStrategy" sourcefilename="CustomInsuranceApplicationLifeCycleStrategy.java" />
      <class name="eu/sollers/rifescbde/sales/insuranceapplication/domain/CustomInsuranceApplicationDomainService" sourcefilename="CustomInsuranceApplicationDomainService.java" />
      <sourcefile name="CustomInsuranceApplicationLifeCycleStrategy.java" />
      <sourcefile name="CustomInsuranceApplicationDomainService.java" />
    </package>
    <package name="eu/sollers/rifescbde/sales/recall/application/impl">
      <class name="eu/sollers/rifescbde/sales/recall/application/impl/RecallOfferServiceImpl" sourcefilename="RecallOfferServiceImpl.java">
        <method name="&lt;init&gt;" desc="(Leu/sollers/rifescbde/sales/recall/repository/RecallOfferRepository;Leu/sollers/rifescbde/sales/recall/query/RecallOfferQueryService;Leu/sollers/rifescbde/sales/policy/domain/service/CustomPolicyQueryService;)V" line="28">
          <counter type="INSTRUCTION" missed="0" covered="12" />
          <counter type="LINE" missed="0" covered="5" />
          <counter type="COMPLEXITY" missed="0" covered="1" />
          <counter type="METHOD" missed="0" covered="1" />
        </method>
        <method name="updateClientCuCoIdInRecallOffers" desc="(Ljava/lang/String;Ljava/lang/String;)V" line="37">
          <counter type="INSTRUCTION" missed="0" covered="14" />
          <counter type="LINE" missed="0" covered="4" />
          <counter type="COMPLEXITY" missed="0" covered="1" />
          <counter type="METHOD" missed="0" covered="1" />
        </method>
        <method name="getProductsNotAvailableForOffering" desc="(Ljava/lang/String;Ljava/lang/String;)Ljava/util/Set;" line="44">
          <counter type="INSTRUCTION" missed="0" covered="21" />
          <counter type="LINE" missed="0" covered="4" />
          <counter type="COMPLEXITY" missed="0" covered="1" />
          <counter type="METHOD" missed="0" covered="1" />
        </method>
        <method name="lambda$updateClientCuCoIdInRecallOffers$0" desc="(Ljava/lang/String;Leu/sollers/rifescbde/sales/recall/domain/model/RecallOffer;)V" line="38">
          <counter type="INSTRUCTION" missed="0" covered="4" />
          <counter type="LINE" missed="0" covered="1" />
          <counter type="COMPLEXITY" missed="0" covered="1" />
          <counter type="METHOD" missed="0" covered="1" />
        </method>
        <counter type="INSTRUCTION" missed="0" covered="51" />
        <counter type="LINE" missed="0" covered="13" />
        <counter type="COMPLEXITY" missed="0" covered="4" />
        <counter type="METHOD" missed="0" covered="4" />
        <counter type="CLASS" missed="0" covered="1" />
      </class>
      <sourcefile name="RecallOfferServiceImpl.java">
        <line nr="28" mi="0" ci="2" mb="0" cb="0" />
        <line nr="29" mi="0" ci="3" mb="0" cb="0" />
        <line nr="30" mi="0" ci="3" mb="0" cb="0" />
        <line nr="31" mi="0" ci="3" mb="0" cb="0" />
        <line nr="32" mi="0" ci="1" mb="0" cb="0" />
        <line nr="37" mi="0" ci="5" mb="0" cb="0" />
        <line nr="38" mi="0" ci="8" mb="0" cb="0" />
        <line nr="39" mi="0" ci="4" mb="0" cb="0" />
        <line nr="40" mi="0" ci="1" mb="0" cb="0" />
        <line nr="44" mi="0" ci="6" mb="0" cb="0" />
        <line nr="46" mi="0" ci="6" mb="0" cb="0" />
        <line nr="49" mi="0" ci="6" mb="0" cb="0" />
        <line nr="50" mi="0" ci="3" mb="0" cb="0" />
        <counter type="INSTRUCTION" missed="0" covered="51" />
        <counter type="LINE" missed="0" covered="13" />
        <counter type="COMPLEXITY" missed="0" covered="4" />
        <counter type="METHOD" missed="0" covered="4" />
        <counter type="CLASS" missed="0" covered="1" />
      </sourcefile>
      <counter type="INSTRUCTION" missed="0" covered="51" />
      <counter type="LINE" missed="0" covered="13" />
      <counter type="COMPLEXITY" missed="0" covered="4" />
      <counter type="METHOD" missed="0" covered="4" />
      <counter type="CLASS" missed="0" covered="1" />
    </package>
    <package name="eu/sollers/rifescbde/sales/policy/domain/status">
      <class name="eu/sollers/rifescbde/sales/policy/domain/status/CustomPolicyStatusFlow" sourcefilename="CustomPolicyStatusFlow.java">
        <method name="&lt;init&gt;" desc="()V" line="35">
          <counter type="INSTRUCTION" missed="0" covered="13" />
          <counter type="LINE" missed="0" covered="2" />
          <counter type="COMPLEXITY" missed="0" covered="1" />
          <counter type="METHOD" missed="0" covered="1" />
        </method>
        <method name="&lt;clinit&gt;" desc="()V" line="22">
          <counter type="INSTRUCTION" missed="0" covered="26" />
          <counter type="LINE" missed="0" covered="6" />
          <counter type="COMPLEXITY" missed="0" covered="1" />
          <counter type="METHOD" missed="0" covered="1" />
        </method>
        <counter type="INSTRUCTION" missed="0" covered="39" />
        <counter type="LINE" missed="0" covered="8" />
        <counter type="COMPLEXITY" missed="0" covered="2" />
        <counter type="METHOD" missed="0" covered="2" />
        <counter type="CLASS" missed="0" covered="1" />
      </class>
      <class name="eu/sollers/rifescbde/sales/policy/domain/status/CustomPolicyStatus$10" sourcefilename="CustomPolicyStatus.java">
        <method name="&lt;init&gt;" desc="(Ljava/lang/String;I)V" line="66">
          <counter type="INSTRUCTION" missed="0" covered="6" />
          <counter type="LINE" missed="0" covered="1" />
          <counter type="COMPLEXITY" missed="0" covered="1" />
          <counter type="METHOD" missed="0" covered="1" />
        </method>
        <method name="getNextStatuses" desc="()Ljava/util/Collection;" line="69">
          <counter type="INSTRUCTION" missed="0" covered="3" />
          <counter type="LINE" missed="0" covered="1" />
          <counter type="COMPLEXITY" missed="0" covered="1" />
          <counter type="METHOD" missed="0" covered="1" />
        </method>
        <counter type="INSTRUCTION" missed="0" covered="9" />
        <counter type="LINE" missed="0" covered="2" />
        <counter type="COMPLEXITY" missed="0" covered="2" />
        <counter type="METHOD" missed="0" covered="2" />
        <counter type="CLASS" missed="0" covered="1" />
      </class>
      <class name="eu/sollers/rifescbde/sales/policy/domain/status/CustomPolicyStatus$9" sourcefilename="CustomPolicyStatus.java">
        <method name="&lt;init&gt;" desc="(Ljava/lang/String;I)V" line="60">
          <counter type="INSTRUCTION" missed="0" covered="6" />
          <counter type="LINE" missed="0" covered="1" />
          <counter type="COMPLEXITY" missed="0" covered="1" />
          <counter type="METHOD" missed="0" covered="1" />
        </method>
        <method name="getNextStatuses" desc="()Ljava/util/Collection;" line="63">
          <counter type="INSTRUCTION" missed="0" covered="3" />
          <counter type="LINE" missed="0" covered="1" />
          <counter type="COMPLEXITY" missed="0" covered="1" />
          <counter type="METHOD" missed="0" covered="1" />
        </method>
        <counter type="INSTRUCTION" missed="0" covered="9" />
        <counter type="LINE" missed="0" covered="2" />
        <counter type="COMPLEXITY" missed="0" covered="2" />
        <counter type="METHOD" missed="0" covered="2" />
        <counter type="CLASS" missed="0" covered="1" />
      </class>
      <class name="eu/sollers/rifescbde/sales/policy/domain/status/CustomPolicyStatus" sourcefilename="CustomPolicyStatus.java">
        <method name="&lt;init&gt;" desc="(Ljava/lang/String;I)V" line="75">
          <counter type="INSTRUCTION" missed="0" covered="12" />
          <counter type="LINE" missed="0" covered="3" />
          <counter type="COMPLEXITY" missed="0" covered="1" />
          <counter type="METHOD" missed="0" covered="1" />
        </method>
        <method name="getStatusCode" desc="()Leu/sollers/rife/sharedkernel/common/domain/model/vo/Code;" line="81">
          <counter type="INSTRUCTION" missed="0" covered="3" />
          <counter type="LINE" missed="0" covered="1" />
          <counter type="COMPLEXITY" missed="0" covered="1" />
          <counter type="METHOD" missed="0" covered="1" />
        </method>
        <method name="&lt;clinit&gt;" desc="()V" line="10">
          <counter type="INSTRUCTION" missed="0" covered="104" />
          <counter type="LINE" missed="0" covered="11" />
          <counter type="COMPLEXITY" missed="0" covered="1" />
          <counter type="METHOD" missed="0" covered="1" />
        </method>
        <counter type="INSTRUCTION" missed="0" covered="119" />
        <counter type="LINE" missed="0" covered="15" />
        <counter type="COMPLEXITY" missed="0" covered="3" />
        <counter type="METHOD" missed="0" covered="3" />
        <counter type="CLASS" missed="0" covered="1" />
      </class>
      <class name="eu/sollers/rifescbde/sales/policy/domain/status/CustomPolicyStatus$5" sourcefilename="CustomPolicyStatus.java">
        <method name="&lt;init&gt;" desc="(Ljava/lang/String;I)V" line="36">
          <counter type="INSTRUCTION" missed="0" covered="6" />
          <counter type="LINE" missed="0" covered="1" />
          <counter type="COMPLEXITY" missed="0" covered="1" />
          <counter type="METHOD" missed="0" covered="1" />
        </method>
        <method name="getNextStatuses" desc="()Ljava/util/Collection;" line="39">
          <counter type="INSTRUCTION" missed="0" covered="3" />
          <counter type="LINE" missed="0" covered="1" />
          <counter type="COMPLEXITY" missed="0" covered="1" />
          <counter type="METHOD" missed="0" covered="1" />
        </method>
        <counter type="INSTRUCTION" missed="0" covered="9" />
        <counter type="LINE" missed="0" covered="2" />
        <counter type="COMPLEXITY" missed="0" covered="2" />
        <counter type="METHOD" missed="0" covered="2" />
        <counter type="CLASS" missed="0" covered="1" />
      </class>
      <class name="eu/sollers/rifescbde/sales/policy/domain/status/CustomPolicyStatus$6" sourcefilename="CustomPolicyStatus.java">
        <method name="&lt;init&gt;" desc="(Ljava/lang/String;I)V" line="42">
          <counter type="INSTRUCTION" missed="0" covered="6" />
          <counter type="LINE" missed="0" covered="1" />
          <counter type="COMPLEXITY" missed="0" covered="1" />
          <counter type="METHOD" missed="0" covered="1" />
        </method>
        <method name="getNextStatuses" desc="()Ljava/util/Collection;" line="45">
          <counter type="INSTRUCTION" missed="0" covered="3" />
          <counter type="LINE" missed="0" covered="1" />
          <counter type="COMPLEXITY" missed="0" covered="1" />
          <counter type="METHOD" missed="0" covered="1" />
        </method>
        <counter type="INSTRUCTION" missed="0" covered="9" />
        <counter type="LINE" missed="0" covered="2" />
        <counter type="COMPLEXITY" missed="0" covered="2" />
        <counter type="METHOD" missed="0" covered="2" />
        <counter type="CLASS" missed="0" covered="1" />
      </class>
      <class name="eu/sollers/rifescbde/sales/policy/domain/status/CustomPolicyStatus$7" sourcefilename="CustomPolicyStatus.java">
        <method name="&lt;init&gt;" desc="(Ljava/lang/String;I)V" line="48">
          <counter type="INSTRUCTION" missed="0" covered="6" />
          <counter type="LINE" missed="0" covered="1" />
          <counter type="COMPLEXITY" missed="0" covered="1" />
          <counter type="METHOD" missed="0" covered="1" />
        </method>
[...]
        <line nr="97" mi="0" ci="5" mb="0" cb="0" />
        <line nr="98" mi="0" ci="3" mb="0" cb="0" />
        <line nr="99" mi="0" ci="6" mb="0" cb="0" />
        <line nr="104" mi="0" ci="3" mb="0" cb="0" />
        <line nr="105" mi="0" ci="2" mb="1" cb="1" />
        <line nr="106" mi="2" ci="0" mb="0" cb="0" />
        <line nr="108" mi="0" ci="3" mb="0" cb="0" />
        <line nr="109" mi="0" ci="2" mb="1" cb="1" />
        <line nr="110" mi="2" ci="0" mb="0" cb="0" />
        <line nr="112" mi="0" ci="4" mb="0" cb="0" />
        <line nr="116" mi="0" ci="4" mb="0" cb="0" />
        <line nr="117" mi="0" ci="4" mb="0" cb="0" />
        <line nr="118" mi="0" ci="2" mb="0" cb="0" />
        <line nr="119" mi="0" ci="9" mb="2" cb="4" />
        <line nr="120" mi="0" ci="9" mb="0" cb="0" />
        <line nr="122" mi="0" ci="3" mb="0" cb="0" />
        <line nr="123" mi="0" ci="1" mb="0" cb="0" />
        <line nr="124" mi="0" ci="16" mb="0" cb="0" />
        <line nr="125" mi="0" ci="4" mb="0" cb="0" />
        <line nr="126" mi="0" ci="1" mb="0" cb="0" />
        <line nr="128" mi="0" ci="2" mb="0" cb="0" />
        <line nr="132" mi="0" ci="2" mb="1" cb="1" />
        <line nr="133" mi="2" ci="0" mb="0" cb="0" />
        <line nr="135" mi="0" ci="4" mb="0" cb="0" />
        <line nr="136" mi="0" ci="2" mb="1" cb="1" />
        <line nr="137" mi="2" ci="0" mb="0" cb="0" />
        <line nr="139" mi="0" ci="3" mb="0" cb="0" />
        <counter type="INSTRUCTION" missed="11" covered="182" />
        <counter type="BRANCH" missed="8" covered="14" />
        <counter type="LINE" missed="6" covered="47" />
        <counter type="COMPLEXITY" missed="8" covered="13" />
        <counter type="METHOD" missed="0" covered="10" />
        <counter type="CLASS" missed="0" covered="1" />
      </sourcefile>
      <counter type="INSTRUCTION" missed="11" covered="182" />
      <counter type="BRANCH" missed="8" covered="14" />
      <counter type="LINE" missed="6" covered="47" />
      <counter type="COMPLEXITY" missed="8" covered="13" />
      <counter type="METHOD" missed="0" covered="10" />
      <counter type="CLASS" missed="0" covered="1" />
    </package>
    <package name="eu/sollers/rifescbde/sharedkernel/process/application">
      <class name="eu/sollers/rifescbde/sharedkernel/process/application/ProcessClassDefinitionProvider" sourcefilename="ProcessClassDefinitionProvider.java" />
      <class name="eu/sollers/rifescbde/sharedkernel/process/application/ProcessParametersService" sourcefilename="ProcessParametersService.java" />
      <class name="eu/sollers/rifescbde/sharedkernel/process/application/SingleProcessParameterValidator" sourcefilename="SingleProcessParameterValidator.java" />
      <sourcefile name="ProcessClassDefinitionProvider.java" />
      <sourcefile name="SingleProcessParameterValidator.java" />
      <sourcefile name="ProcessParametersService.java" />
    </package>
    <package name="eu/sollers/rifescbde/sharedkernel/core/apimethod/domain/model">
      <class name="eu/sollers/rifescbde/sharedkernel/core/apimethod/domain/model/CustomApiActionType" sourcefilename="CustomApiActionType.java">
        <method name="&lt;clinit&gt;" desc="()V" line="6">
          <counter type="INSTRUCTION" missed="50" covered="0" />
          <counter type="LINE" missed="7" covered="0" />
          <counter type="COMPLEXITY" missed="1" covered="0" />
          <counter type="METHOD" missed="1" covered="0" />
        </method>
        <counter type="INSTRUCTION" missed="50" covered="0" />
        <counter type="LINE" missed="7" covered="0" />
        <counter type="COMPLEXITY" missed="1" covered="0" />
        <counter type="METHOD" missed="1" covered="0" />
        <counter type="CLASS" missed="1" covered="0" />
      </class>
      <sourcefile name="CustomApiActionType.java">
        <line nr="6" mi="7" ci="0" mb="0" cb="0" />
        <line nr="7" mi="7" ci="0" mb="0" cb="0" />
        <line nr="8" mi="7" ci="0" mb="0" cb="0" />
        <line nr="9" mi="7" ci="0" mb="0" cb="0" />
        <line nr="10" mi="7" ci="0" mb="0" cb="0" />
        <line nr="11" mi="7" ci="0" mb="0" cb="0" />
        <line nr="12" mi="8" ci="0" mb="0" cb="0" />
        <counter type="INSTRUCTION" missed="50" covered="0" />
        <counter type="LINE" missed="7" covered="0" />
        <counter type="COMPLEXITY" missed="1" covered="0" />
        <counter type="METHOD" missed="1" covered="0" />
        <counter type="CLASS" missed="1" covered="0" />
      </sourcefile>
      <counter type="INSTRUCTION" missed="50" covered="0" />
      <counter type="LINE" missed="7" covered="0" />
      <counter type="COMPLEXITY" missed="1" covered="0" />
      <counter type="METHOD" missed="1" covered="0" />
      <counter type="CLASS" missed="1" covered="0" />
    </package>
    <package name="eu/sollers/rifescbde/sharedkernel/common/domain/model">
      <class name="eu/sollers/rifescbde/sharedkernel/common/domain/model/CustomPolicyStatusFlowCode" sourcefilename="CustomPolicyStatusFlowCode.java">
        <method name="&lt;init&gt;" desc="(Ljava/lang/String;)V" line="22">
          <counter type="INSTRUCTION" missed="4" covered="0" />
          <counter type="LINE" missed="2" covered="0" />
          <counter type="COMPLEXITY" missed="1" covered="0" />
          <counter type="METHOD" missed="1" covered="0" />
        </method>
        <method name="getStatusFlowCodeValues" desc="()Ljava/util/List;" line="26">
          <counter type="INSTRUCTION" missed="0" covered="3" />
          <counter type="LINE" missed="0" covered="1" />
          <counter type="COMPLEXITY" missed="0" covered="1" />
          <counter type="METHOD" missed="0" covered="1" />
        </method>
        <method name="&lt;clinit&gt;" desc="()V" line="12">
          <counter type="INSTRUCTION" missed="0" covered="15" />
          <counter type="LINE" missed="0" covered="4" />
          <counter type="COMPLEXITY" missed="0" covered="1" />
          <counter type="METHOD" missed="0" covered="1" />
        </method>
        <counter type="INSTRUCTION" missed="4" covered="18" />
        <counter type="LINE" missed="2" covered="5" />
        <counter type="COMPLEXITY" missed="1" covered="2" />
        <counter type="METHOD" missed="1" covered="2" />
        <counter type="CLASS" missed="0" covered="1" />
      </class>
      <class name="eu/sollers/rifescbde/sharedkernel/common/domain/model/CustomResignationStatusFlowCode" sourcefilename="CustomResignationStatusFlowCode.java">
        <method name="&lt;init&gt;" desc="(Ljava/lang/String;)V" line="12">
          <counter type="INSTRUCTION" missed="4" covered="0" />
          <counter type="LINE" missed="2" covered="0" />
          <counter type="COMPLEXITY" missed="1" covered="0" />
          <counter type="METHOD" missed="1" covered="0" />
        </method>
        <method name="&lt;clinit&gt;" desc="()V" line="8">
          <counter type="INSTRUCTION" missed="0" covered="6" />
          <counter type="LINE" missed="0" covered="1" />
          <counter type="COMPLEXITY" missed="0" covered="1" />
          <counter type="METHOD" missed="0" covered="1" />
        </method>
        <counter type="INSTRUCTION" missed="4" covered="6" />
        <counter type="LINE" missed="2" covered="1" />
        <counter type="COMPLEXITY" missed="1" covered="1" />
        <counter type="METHOD" missed="1" covered="1" />
        <counter type="CLASS" missed="0" covered="1" />
      </class>
      <class name="eu/sollers/rifescbde/sharedkernel/common/domain/model/CustomInsuranceApplicationStatusFlowCode" sourcefilename="CustomInsuranceApplicationStatusFlowCode.java">
        <method name="&lt;init&gt;" desc="(Ljava/lang/String;)V" line="21">
          <counter type="INSTRUCTION" missed="4" covered="0" />
          <counter type="LINE" missed="2" covered="0" />
          <counter type="COMPLEXITY" missed="1" covered="0" />
          <counter type="METHOD" missed="1" covered="0" />
        </method>
        <method name="getStatusFlowCodeValues" desc="()Ljava/util/List;" line="25">
          <counter type="INSTRUCTION" missed="0" covered="3" />
          <counter type="LINE" missed="0" covered="1" />
          <counter type="COMPLEXITY" missed="0" covered="1" />
          <counter type="METHOD" missed="0" covered="1" />
        </method>
        <method name="&lt;clinit&gt;" desc="()V" line="11">
          <counter type="INSTRUCTION" missed="0" covered="15" />
          <counter type="LINE" missed="0" covered="4" />
          <counter type="COMPLEXITY" missed="0" covered="1" />
          <counter type="METHOD" missed="0" covered="1" />
        </method>
        <counter type="INSTRUCTION" missed="4" covered="18" />
        <counter type="LINE" missed="2" covered="5" />
        <counter type="COMPLEXITY" missed="1" covered="2" />
        <counter type="METHOD" missed="1" covered="2" />
        <counter type="CLASS" missed="0" covered="1" />
      </class>
      <sourcefile name="CustomPolicyStatusFlowCode.java">
        <line nr="12" mi="0" ci="5" mb="0" cb="0" />
        <line nr="15" mi="0" ci="4" mb="0" cb="0" />
        <line nr="18" mi="0" ci="5" mb="0" cb="0" />
        <line nr="19" mi="0" ci="1" mb="0" cb="0" />
        <line nr="22" mi="3" ci="0" mb="0" cb="0" />
        <line nr="23" mi="1" ci="0" mb="0" cb="0" />
        <line nr="26" mi="0" ci="3" mb="0" cb="0" />
        <counter type="INSTRUCTION" missed="4" covered="18" />
        <counter type="LINE" missed="2" covered="5" />
        <counter type="COMPLEXITY" missed="1" covered="2" />
        <counter type="METHOD" missed="1" covered="2" />
        <counter type="CLASS" missed="0" covered="1" />
      </sourcefile>
      <sourcefile name="CustomInsuranceApplicationStatusFlowCode.java">
        <line nr="11" mi="0" ci="5" mb="0" cb="0" />
        <line nr="14" mi="0" ci="4" mb="0" cb="0" />
        <line nr="17" mi="0" ci="5" mb="0" cb="0" />
        <line nr="18" mi="0" ci="1" mb="0" cb="0" />
        <line nr="21" mi="3" ci="0" mb="0" cb="0" />
        <line nr="22" mi="1" ci="0" mb="0" cb="0" />
        <line nr="25" mi="0" ci="3" mb="0" cb="0" />
        <counter type="INSTRUCTION" missed="4" covered="18" />
        <counter type="LINE" missed="2" covered="5" />
        <counter type="COMPLEXITY" missed="1" covered="2" />
        <counter type="METHOD" missed="1" covered="2" />
        <counter type="CLASS" missed="0" covered="1" />
      </sourcefile>
      <sourcefile name="CustomResignationStatusFlowCode.java">
        <line nr="8" mi="0" ci="6" mb="0" cb="0" />
        <line nr="12" mi="3" ci="0" mb="0" cb="0" />
        <line nr="13" mi="1" ci="0" mb="0" cb="0" />
        <counter type="INSTRUCTION" missed="4" covered="6" />
        <counter type="LINE" missed="2" covered="1" />
        <counter type="COMPLEXITY" missed="1" covered="1" />
        <counter type="METHOD" missed="1" covered="1" />
        <counter type="CLASS" missed="0" covered="1" />
      </sourcefile>
      <counter type="INSTRUCTION" missed="12" covered="42" />
      <counter type="LINE" missed="6" covered="11" />
      <counter type="COMPLEXITY" missed="3" covered="5" />
      <counter type="METHOD" missed="3" covered="5" />
      <counter type="CLASS" missed="0" covered="3" />
    </package>
    <package name="eu/sollers/rifescbde/sharedkernel/common/infrastructure/repository/impl">
      <class name="eu/sollers/rifescbde/sharedkernel/common/infrastructure/repository/impl/CustomAbstractJpaRepositoryImpl" sourcefilename="CustomAbstractJpaRepositoryImpl.java">
        <method name="&lt;init&gt;" desc="(Lcom/querydsl/core/types/dsl/EntityPathBase;)V" line="25">
          <counter type="INSTRUCTION" missed="4" covered="0" />
          <counter type="LINE" missed="2" covered="0" />
          <counter type="COMPLEXITY" missed="1" covered="0" />
          <counter type="METHOD" missed="1" covered="0" />
        </method>
        <method name="hardRemove" desc="(Ljava/lang/Long;)V" line="30">
          <counter type="INSTRUCTION" missed="11" covered="0" />
          <counter type="LINE" missed="4" covered="0" />
          <counter type="COMPLEXITY" missed="1" covered="0" />
          <counter type="METHOD" missed="1" covered="0" />
        </method>
        <counter type="INSTRUCTION" missed="15" covered="0" />
        <counter type="LINE" missed="6" covered="0" />
        <counter type="COMPLEXITY" missed="2" covered="0" />
        <counter type="METHOD" missed="2" covered="0" />
        <counter type="CLASS" missed="1" covered="0" />
      </class>
      <sourcefile name="CustomAbstractJpaRepositoryImpl.java">
        <line nr="25" mi="3" ci="0" mb="0" cb="0" />
        <line nr="26" mi="1" ci="0" mb="0" cb="0" />
        <line nr="30" mi="4" ci="0" mb="0" cb="0" />
        <line nr="31" mi="4" ci="0" mb="0" cb="0" />
        <line nr="32" mi="2" ci="0" mb="0" cb="0" />
        <line nr="33" mi="1" ci="0" mb="0" cb="0" />
        <counter type="INSTRUCTION" missed="15" covered="0" />
        <counter type="LINE" missed="6" covered="0" />
        <counter type="COMPLEXITY" missed="2" covered="0" />
        <counter type="METHOD" missed="2" covered="0" />
        <counter type="CLASS" missed="1" covered="0" />
      </sourcefile>
      <counter type="INSTRUCTION" missed="15" covered="0" />
      <counter type="LINE" missed="6" covered="0" />
      <counter type="COMPLEXITY" missed="2" covered="0" />
      <counter type="METHOD" missed="2" covered="0" />
      <counter type="CLASS" missed="1" covered="0" />
    </package>
    <package name="eu/sollers/rifescbde/sharedkernel/common/infrastructure/services/impl">
      <class name="eu/sollers/rifescbde/sharedkernel/common/infrastructure/services/impl/CustomStatusFlowCodesServiceImpl" sourcefilename="CustomStatusFlowCodesServiceImpl.java">
        <method name="&lt;init&gt;" desc="()V" line="14">
          <counter type="INSTRUCTION" missed="0" covered="3" />
          <counter type="LINE" missed="0" covered="1" />
          <counter type="COMPLEXITY" missed="0" covered="1" />
          <counter type="METHOD" missed="0" covered="1" />
        </method>
        <method name="getPolicyStatusFlowCodes" desc="()Ljava/util/List;" line="17">
          <counter type="INSTRUCTION" missed="0" covered="2" />
          <counter type="LINE" missed="0" covered="1" />
          <counter type="COMPLEXITY" missed="0" covered="1" />
          <counter type="METHOD" missed="0" covered="1" />
        </method>
        <method name="getInsuranceApplicationStatusFlowCodes" desc="()Ljava/util/List;" line="22">
          <counter type="INSTRUCTION" missed="0" covered="2" />
          <counter type="LINE" missed="0" covered="1" />
          <counter type="COMPLEXITY" missed="0" covered="1" />
          <counter type="METHOD" missed="0" covered="1" />
        </method>
        <counter type="INSTRUCTION" missed="0" covered="7" />
        <counter type="LINE" missed="0" covered="3" />
        <counter type="COMPLEXITY" missed="0" covered="3" />
        <counter type="METHOD" missed="0" covered="3" />
        <counter type="CLASS" missed="0" covered="1" />
      </class>
      <sourcefile name="CustomStatusFlowCodesServiceImpl.java">
        <line nr="14" mi="0" ci="3" mb="0" cb="0" />
        <line nr="17" mi="0" ci="2" mb="0" cb="0" />
        <line nr="22" mi="0" ci="2" mb="0" cb="0" />
        <counter type="INSTRUCTION" missed="0" covered="7" />
        <counter type="LINE" missed="0" covered="3" />
        <counter type="COMPLEXITY" missed="0" covered="3" />
        <counter type="METHOD" missed="0" covered="3" />
        <counter type="CLASS" missed="0" covered="1" />
      </sourcefile>
      <counter type="INSTRUCTION" missed="0" covered="7" />
      <counter type="LINE" missed="0" covered="3" />
      <counter type="COMPLEXITY" missed="0" covered="3" />
      <counter type="METHOD" missed="0" covered="3" />
      <counter type="CLASS" missed="0" covered="1" />
    </package>
    <package name="eu/sollers/rifescbde/sharedkernel/core/apimethod/application/impl">
      <class name="eu/sollers/rifescbde/sharedkernel/core/apimethod/application/impl/CustomApiActionServiceImpl" sourcefilename="CustomApiActionServiceImpl.java">
        <method name="&lt;init&gt;" desc="(Leu/sollers/rife/thinclient/sharedkernel/core/translation/domain/model/ShortCaptionRepository;Leu/sollers/rife/thinclient/sharedkernel/core/translation/domain/service/CaptionDomainService;)V" line="21">
          <counter type="INSTRUCTION" missed="5" covered="0" />
          <counter type="LINE" missed="2" covered="0" />
          <counter type="COMPLEXITY" missed="1" covered="0" />
          <counter type="METHOD" missed="1" covered="0" />
        </method>
        <method name="addDefaultActions" desc="()V" line="27">
          <counter type="INSTRUCTION" missed="24" covered="0" />
          <counter type="LINE" missed="9" covered="0" />
          <counter type="COMPLEXITY" missed="1" covered="0" />
          <counter type="METHOD" missed="1" covered="0" />
        </method>
        <counter type="INSTRUCTION" missed="29" covered="0" />
        <counter type="LINE" missed="11" covered="0" />
        <counter type="COMPLEXITY" missed="2" covered="0" />
        <counter type="METHOD" missed="2" covered="0" />
        <counter type="CLASS" missed="1" covered="0" />
      </class>
      <sourcefile name="CustomApiActionServiceImpl.java">
        <line nr="21" mi="4" ci="0" mb="0" cb="0" />
        <line nr="22" mi="1" ci="0" mb="0" cb="0" />
        <line nr="27" mi="2" ci="0" mb="0" cb="0" />
        <line nr="28" mi="3" ci="0" mb="0" cb="0" />
        <line nr="29" mi="3" ci="0" mb="0" cb="0" />
        <line nr="30" mi="3" ci="0" mb="0" cb="0" />
        <line nr="31" mi="3" ci="0" mb="0" cb="0" />
        <line nr="32" mi="3" ci="0" mb="0" cb="0" />
        <line nr="33" mi="3" ci="0" mb="0" cb="0" />
        <line nr="34" mi="3" ci="0" mb="0" cb="0" />
        <line nr="35" mi="1" ci="0" mb="0" cb="0" />
        <counter type="INSTRUCTION" missed="29" covered="0" />
        <counter type="LINE" missed="11" covered="0" />
        <counter type="COMPLEXITY" missed="2" covered="0" />
        <counter type="METHOD" missed="2" covered="0" />
        <counter type="CLASS" missed="1" covered="0" />
      </sourcefile>
      <counter type="INSTRUCTION" missed="29" covered="0" />
      <counter type="LINE" missed="11" covered="0" />
      <counter type="COMPLEXITY" missed="2" covered="0" />
      <counter type="METHOD" missed="2" covered="0" />
      <counter type="CLASS" missed="1" covered="0" />
    </package>
    <package name="eu/sollers/rifescbde/sharedkernel/common/infrastructure/domain/model">
      <class name="eu/sollers/rifescbde/sharedkernel/common/infrastructure/domain/model/CustomGenericRepository" sourcefilename="CustomGenericRepository.java" />
      <sourcefile name="CustomGenericRepository.java" />
    </package>
    <counter type="INSTRUCTION" missed="117" covered="231" />
    <counter type="BRANCH" missed="8" covered="14" />
    <counter type="LINE" missed="36" covered="61" />
    <counter type="COMPLEXITY" missed="16" covered="21" />
    <counter type="METHOD" missed="8" covered="18" />
    <counter type="CLASS" missed="3" covered="5" />
  </group>
  <counter type="INSTRUCTION" missed="1266" covered="3826" />
  <counter type="BRANCH" missed="37" covered="71" />
  <counter type="LINE" missed="219" covered="757" />
  <counter type="COMPLEXITY" missed="104" covered="247" />
  <counter type="METHOD" missed="69" covered="228" />
  <counter type="CLASS" missed="18" covered="61" />
</report>